{"C:\\Users\\mubas\\Desktop\\chainscore\\backend\\zexe-arbitrum.01-ts\\src\\test\\api\\AorderScriptTest.ts":{"path":"C:\\Users\\mubas\\Desktop\\chainscore\\backend\\zexe-arbitrum.01-ts\\src\\test\\api\\AorderScriptTest.ts","statementMap":{"0":{"start":{"line":2,"column":16},"end":{"line":10,"column":1}},"1":{"start":{"line":3,"column":28},"end":{"line":3,"column":110}},"2":{"start":{"line":3,"column":91},"end":{"line":3,"column":106}},"3":{"start":{"line":4,"column":4},"end":{"line":9,"column":7}},"4":{"start":{"line":5,"column":36},"end":{"line":5,"column":97}},"5":{"start":{"line":5,"column":42},"end":{"line":5,"column":70}},"6":{"start":{"line":5,"column":85},"end":{"line":5,"column":95}},"7":{"start":{"line":6,"column":35},"end":{"line":6,"column":100}},"8":{"start":{"line":6,"column":41},"end":{"line":6,"column":73}},"9":{"start":{"line":6,"column":88},"end":{"line":6,"column":98}},"10":{"start":{"line":7,"column":32},"end":{"line":7,"column":116}},"11":{"start":{"line":8,"column":8},"end":{"line":8,"column":78}},"12":{"start":{"line":11,"column":22},"end":{"line":13,"column":1}},"13":{"start":{"line":12,"column":4},"end":{"line":12,"column":62}},"14":{"start":{"line":15,"column":0},"end":{"line":15,"column":62}},"15":{"start":{"line":16,"column":17},"end":{"line":16,"column":51}},"16":{"start":{"line":17,"column":15},"end":{"line":17,"column":30}},"17":{"start":{"line":18,"column":15},"end":{"line":18,"column":30}},"18":{"start":{"line":19,"column":20},"end":{"line":19,"column":57}},"19":{"start":{"line":20,"column":17},"end":{"line":20,"column":34}},"20":{"start":{"line":21,"column":13},"end":{"line":21,"column":32}},"21":{"start":{"line":22,"column":16},"end":{"line":22,"column":45}},"22":{"start":{"line":23,"column":29},"end":{"line":23,"column":68}},"23":{"start":{"line":24,"column":16},"end":{"line":24,"column":38}},"24":{"start":{"line":25,"column":27},"end":{"line":25,"column":54}},"25":{"start":{"line":26,"column":15},"end":{"line":26,"column":47}},"26":{"start":{"line":27,"column":20},"end":{"line":27,"column":55}},"27":{"start":{"line":28,"column":0},"end":{"line":28,"column":37}},"28":{"start":{"line":29,"column":0},"end":{"line":29,"column":185}},"29":{"start":{"line":30,"column":15},"end":{"line":30,"column":66}},"30":{"start":{"line":31,"column":0},"end":{"line":233,"column":4}},"31":{"start":{"line":31,"column":87},"end":{"line":233,"column":2}},"32":{"start":{"line":33,"column":18},"end":{"line":33,"column":26}},"33":{"start":{"line":34,"column":19},"end":{"line":34,"column":52}},"34":{"start":{"line":35,"column":19},"end":{"line":35,"column":126}},"35":{"start":{"line":36,"column":14},"end":{"line":36,"column":113}},"36":{"start":{"line":37,"column":15},"end":{"line":37,"column":115}},"37":{"start":{"line":38,"column":16},"end":{"line":38,"column":86}},"38":{"start":{"line":39,"column":16},"end":{"line":39,"column":86}},"39":{"start":{"line":40,"column":21},"end":{"line":40,"column":23}},"40":{"start":{"line":41,"column":17},"end":{"line":41,"column":19}},"41":{"start":{"line":42,"column":23},"end":{"line":42,"column":75}},"42":{"start":{"line":43,"column":16},"end":{"line":43,"column":18}},"43":{"start":{"line":44,"column":18},"end":{"line":44,"column":20}},"44":{"start":{"line":45,"column":15},"end":{"line":45,"column":50}},"45":{"start":{"line":46,"column":17},"end":{"line":46,"column":65}},"46":{"start":{"line":47,"column":20},"end":{"line":47,"column":21}},"47":{"start":{"line":48,"column":20},"end":{"line":48,"column":22}},"48":{"start":{"line":49,"column":25},"end":{"line":49,"column":28}},"49":{"start":{"line":50,"column":4},"end":{"line":54,"column":8}},"50":{"start":{"line":50,"column":17},"end":{"line":54,"column":6}},"51":{"start":{"line":53,"column":8},"end":{"line":53,"column":34}},"52":{"start":{"line":55,"column":4},"end":{"line":70,"column":8}},"53":{"start":{"line":55,"column":86},"end":{"line":70,"column":6}},"54":{"start":{"line":56,"column":33},"end":{"line":56,"column":80}},"55":{"start":{"line":57,"column":34},"end":{"line":57,"column":82}},"56":{"start":{"line":58,"column":26},"end":{"line":58,"column":75}},"57":{"start":{"line":59,"column":18},"end":{"line":59,"column":73}},"58":{"start":{"line":61,"column":22},"end":{"line":61,"column":110}},"59":{"start":{"line":62,"column":27},"end":{"line":62,"column":80}},"60":{"start":{"line":63,"column":18},"end":{"line":63,"column":75}},"61":{"start":{"line":65,"column":23},"end":{"line":65,"column":112}},"62":{"start":{"line":66,"column":34},"end":{"line":66,"column":81}},"63":{"start":{"line":67,"column":35},"end":{"line":67,"column":83}},"64":{"start":{"line":68,"column":8},"end":{"line":68,"column":152}},"65":{"start":{"line":69,"column":8},"end":{"line":69,"column":155}},"66":{"start":{"line":71,"column":4},"end":{"line":138,"column":8}},"67":{"start":{"line":71,"column":92},"end":{"line":138,"column":6}},"68":{"start":{"line":73,"column":23},"end":{"line":78,"column":9}},"69":{"start":{"line":80,"column":22},"end":{"line":92,"column":9}},"70":{"start":{"line":94,"column":22},"end":{"line":104,"column":9}},"71":{"start":{"line":105,"column":8},"end":{"line":105,"column":27}},"72":{"start":{"line":107,"column":32},"end":{"line":107,"column":80}},"73":{"start":{"line":108,"column":8},"end":{"line":108,"column":41}},"74":{"start":{"line":112,"column":30},"end":{"line":112,"column":139}},"75":{"start":{"line":113,"column":26},"end":{"line":113,"column":166}},"76":{"start":{"line":114,"column":18},"end":{"line":130,"column":10}},"77":{"start":{"line":131,"column":31},"end":{"line":131,"column":140}},"78":{"start":{"line":132,"column":8},"end":{"line":132,"column":52}},"79":{"start":{"line":133,"column":8},"end":{"line":133,"column":62}},"80":{"start":{"line":134,"column":8},"end":{"line":134,"column":56}},"81":{"start":{"line":135,"column":8},"end":{"line":135,"column":90}},"82":{"start":{"line":136,"column":8},"end":{"line":136,"column":60}},"83":{"start":{"line":137,"column":8},"end":{"line":137,"column":197}},"84":{"start":{"line":139,"column":4},"end":{"line":145,"column":8}},"85":{"start":{"line":139,"column":48},"end":{"line":145,"column":6}},"86":{"start":{"line":140,"column":19},"end":{"line":140,"column":87}},"87":{"start":{"line":141,"column":8},"end":{"line":141,"column":52}},"88":{"start":{"line":142,"column":8},"end":{"line":142,"column":57}},"89":{"start":{"line":143,"column":8},"end":{"line":143,"column":77}},"90":{"start":{"line":144,"column":8},"end":{"line":144,"column":26}},"91":{"start":{"line":146,"column":4},"end":{"line":199,"column":8}},"92":{"start":{"line":146,"column":47},"end":{"line":199,"column":6}},"93":{"start":{"line":149,"column":33},"end":{"line":149,"column":61}},"94":{"start":{"line":150,"column":33},"end":{"line":150,"column":61}},"95":{"start":{"line":151,"column":34},"end":{"line":151,"column":63}},"96":{"start":{"line":152,"column":34},"end":{"line":152,"column":63}},"97":{"start":{"line":153,"column":22},"end":{"line":153,"column":123}},"98":{"start":{"line":154,"column":8},"end":{"line":154,"column":51}},"99":{"start":{"line":155,"column":8},"end":{"line":155,"column":51}},"100":{"start":{"line":156,"column":8},"end":{"line":156,"column":52}},"101":{"start":{"line":157,"column":8},"end":{"line":157,"column":52}},"102":{"start":{"line":159,"column":30},"end":{"line":159,"column":139}},"103":{"start":{"line":160,"column":8},"end":{"line":160,"column":166}},"104":{"start":{"line":161,"column":8},"end":{"line":161,"column":71}},"105":{"start":{"line":162,"column":22},"end":{"line":162,"column":138}},"106":{"start":{"line":163,"column":8},"end":{"line":163,"column":28}},"107":{"start":{"line":164,"column":34},"end":{"line":164,"column":62}},"108":{"start":{"line":165,"column":35},"end":{"line":165,"column":64}},"109":{"start":{"line":166,"column":35},"end":{"line":166,"column":64}},"110":{"start":{"line":167,"column":34},"end":{"line":167,"column":62}},"111":{"start":{"line":168,"column":23},"end":{"line":168,"column":128}},"112":{"start":{"line":169,"column":8},"end":{"line":169,"column":53}},"113":{"start":{"line":170,"column":8},"end":{"line":170,"column":54}},"114":{"start":{"line":171,"column":8},"end":{"line":171,"column":54}},"115":{"start":{"line":172,"column":8},"end":{"line":172,"column":53}},"116":{"start":{"line":173,"column":8},"end":{"line":173,"column":153}},"117":{"start":{"line":174,"column":8},"end":{"line":177,"column":66}},"118":{"start":{"line":178,"column":8},"end":{"line":178,"column":152}},"119":{"start":{"line":179,"column":8},"end":{"line":182,"column":66}},"120":{"start":{"line":183,"column":19},"end":{"line":193,"column":9}},"121":{"start":{"line":184,"column":12},"end":{"line":192,"column":15}},"122":{"start":{"line":185,"column":32},"end":{"line":187,"column":25}},"123":{"start":{"line":186,"column":20},"end":{"line":186,"column":46}},"124":{"start":{"line":188,"column":16},"end":{"line":191,"column":19}},"125":{"start":{"line":189,"column":20},"end":{"line":189,"column":44}},"126":{"start":{"line":190,"column":20},"end":{"line":190,"column":46}},"127":{"start":{"line":194,"column":18},"end":{"line":194,"column":30}},"128":{"start":{"line":195,"column":8},"end":{"line":195,"column":52}},"129":{"start":{"line":196,"column":8},"end":{"line":198,"column":12}},"130":{"start":{"line":196,"column":43},"end":{"line":198,"column":10}},"131":{"start":{"line":197,"column":12},"end":{"line":197,"column":41}},"132":{"start":{"line":200,"column":4},"end":{"line":208,"column":8}},"133":{"start":{"line":200,"column":58},"end":{"line":208,"column":6}},"134":{"start":{"line":201,"column":27},"end":{"line":201,"column":97}},"135":{"start":{"line":202,"column":27},"end":{"line":202,"column":136}},"136":{"start":{"line":203,"column":8},"end":{"line":203,"column":56}},"137":{"start":{"line":204,"column":8},"end":{"line":204,"column":132}},"138":{"start":{"line":205,"column":8},"end":{"line":205,"column":137}},"139":{"start":{"line":206,"column":8},"end":{"line":206,"column":56}},"140":{"start":{"line":207,"column":8},"end":{"line":207,"column":192}},"141":{"start":{"line":209,"column":4},"end":{"line":232,"column":8}},"142":{"start":{"line":209,"column":74},"end":{"line":232,"column":6}},"143":{"start":{"line":210,"column":30},"end":{"line":210,"column":139}},"144":{"start":{"line":211,"column":20},"end":{"line":211,"column":114}},"145":{"start":{"line":212,"column":8},"end":{"line":212,"column":28}},"146":{"start":{"line":213,"column":19},"end":{"line":223,"column":9}},"147":{"start":{"line":214,"column":12},"end":{"line":222,"column":15}},"148":{"start":{"line":215,"column":32},"end":{"line":217,"column":25}},"149":{"start":{"line":216,"column":20},"end":{"line":216,"column":46}},"150":{"start":{"line":218,"column":16},"end":{"line":221,"column":19}},"151":{"start":{"line":219,"column":20},"end":{"line":219,"column":44}},"152":{"start":{"line":220,"column":20},"end":{"line":220,"column":46}},"153":{"start":{"line":224,"column":18},"end":{"line":224,"column":30}},"154":{"start":{"line":225,"column":8},"end":{"line":225,"column":52}},"155":{"start":{"line":226,"column":20},"end":{"line":226,"column":75}},"156":{"start":{"line":227,"column":31},"end":{"line":227,"column":140}},"157":{"start":{"line":228,"column":8},"end":{"line":228,"column":53}},"158":{"start":{"line":229,"column":8},"end":{"line":229,"column":105}},"159":{"start":{"line":230,"column":8},"end":{"line":230,"column":64}},"160":{"start":{"line":231,"column":8},"end":{"line":231,"column":323}}},"fnMap":{"0":{"name":"(anonymous_0)","decl":{"start":{"line":2,"column":44},"end":{"line":2,"column":45}},"loc":{"start":{"line":2,"column":89},"end":{"line":10,"column":1}},"line":2},"1":{"name":"adopt","decl":{"start":{"line":3,"column":13},"end":{"line":3,"column":18}},"loc":{"start":{"line":3,"column":26},"end":{"line":3,"column":112}},"line":3},"2":{"name":"(anonymous_2)","decl":{"start":{"line":3,"column":70},"end":{"line":3,"column":71}},"loc":{"start":{"line":3,"column":89},"end":{"line":3,"column":108}},"line":3},"3":{"name":"(anonymous_3)","decl":{"start":{"line":4,"column":36},"end":{"line":4,"column":37}},"loc":{"start":{"line":4,"column":63},"end":{"line":9,"column":5}},"line":4},"4":{"name":"fulfilled","decl":{"start":{"line":5,"column":17},"end":{"line":5,"column":26}},"loc":{"start":{"line":5,"column":34},"end":{"line":5,"column":99}},"line":5},"5":{"name":"rejected","decl":{"start":{"line":6,"column":17},"end":{"line":6,"column":25}},"loc":{"start":{"line":6,"column":33},"end":{"line":6,"column":102}},"line":6},"6":{"name":"step","decl":{"start":{"line":7,"column":17},"end":{"line":7,"column":21}},"loc":{"start":{"line":7,"column":30},"end":{"line":7,"column":118}},"line":7},"7":{"name":"(anonymous_7)","decl":{"start":{"line":11,"column":56},"end":{"line":11,"column":57}},"loc":{"start":{"line":11,"column":71},"end":{"line":13,"column":1}},"line":11},"8":{"name":"(anonymous_8)","decl":{"start":{"line":31,"column":81},"end":{"line":31,"column":82}},"loc":{"start":{"line":31,"column":87},"end":{"line":233,"column":2}},"line":31},"9":{"name":"(anonymous_9)","decl":{"start":{"line":31,"column":121},"end":{"line":31,"column":122}},"loc":{"start":{"line":31,"column":134},"end":{"line":233,"column":1}},"line":31},"10":{"name":"(anonymous_10)","decl":{"start":{"line":50,"column":11},"end":{"line":50,"column":12}},"loc":{"start":{"line":50,"column":17},"end":{"line":54,"column":6}},"line":50},"11":{"name":"(anonymous_11)","decl":{"start":{"line":50,"column":51},"end":{"line":50,"column":52}},"loc":{"start":{"line":50,"column":64},"end":{"line":54,"column":5}},"line":50},"12":{"name":"(anonymous_12)","decl":{"start":{"line":55,"column":80},"end":{"line":55,"column":81}},"loc":{"start":{"line":55,"column":86},"end":{"line":70,"column":6}},"line":55},"13":{"name":"(anonymous_13)","decl":{"start":{"line":55,"column":120},"end":{"line":55,"column":121}},"loc":{"start":{"line":55,"column":133},"end":{"line":70,"column":5}},"line":55},"14":{"name":"(anonymous_14)","decl":{"start":{"line":71,"column":86},"end":{"line":71,"column":87}},"loc":{"start":{"line":71,"column":92},"end":{"line":138,"column":6}},"line":71},"15":{"name":"(anonymous_15)","decl":{"start":{"line":71,"column":126},"end":{"line":71,"column":127}},"loc":{"start":{"line":71,"column":139},"end":{"line":138,"column":5}},"line":71},"16":{"name":"(anonymous_16)","decl":{"start":{"line":139,"column":42},"end":{"line":139,"column":43}},"loc":{"start":{"line":139,"column":48},"end":{"line":145,"column":6}},"line":139},"17":{"name":"(anonymous_17)","decl":{"start":{"line":139,"column":82},"end":{"line":139,"column":83}},"loc":{"start":{"line":139,"column":95},"end":{"line":145,"column":5}},"line":139},"18":{"name":"(anonymous_18)","decl":{"start":{"line":146,"column":41},"end":{"line":146,"column":42}},"loc":{"start":{"line":146,"column":47},"end":{"line":199,"column":6}},"line":146},"19":{"name":"(anonymous_19)","decl":{"start":{"line":146,"column":81},"end":{"line":146,"column":82}},"loc":{"start":{"line":146,"column":94},"end":{"line":199,"column":5}},"line":146},"20":{"name":"(anonymous_20)","decl":{"start":{"line":183,"column":19},"end":{"line":183,"column":20}},"loc":{"start":{"line":183,"column":25},"end":{"line":193,"column":9}},"line":183},"21":{"name":"(anonymous_21)","decl":{"start":{"line":184,"column":31},"end":{"line":184,"column":32}},"loc":{"start":{"line":184,"column":52},"end":{"line":192,"column":13}},"line":184},"22":{"name":"(anonymous_22)","decl":{"start":{"line":185,"column":43},"end":{"line":185,"column":44}},"loc":{"start":{"line":185,"column":49},"end":{"line":187,"column":17}},"line":185},"23":{"name":"(anonymous_23)","decl":{"start":{"line":188,"column":63},"end":{"line":188,"column":64}},"loc":{"start":{"line":188,"column":73},"end":{"line":191,"column":17}},"line":188},"24":{"name":"(anonymous_24)","decl":{"start":{"line":196,"column":33},"end":{"line":196,"column":34}},"loc":{"start":{"line":196,"column":43},"end":{"line":198,"column":10}},"line":196},"25":{"name":"(anonymous_25)","decl":{"start":{"line":196,"column":77},"end":{"line":196,"column":78}},"loc":{"start":{"line":196,"column":90},"end":{"line":198,"column":9}},"line":196},"26":{"name":"(anonymous_26)","decl":{"start":{"line":200,"column":52},"end":{"line":200,"column":53}},"loc":{"start":{"line":200,"column":58},"end":{"line":208,"column":6}},"line":200},"27":{"name":"(anonymous_27)","decl":{"start":{"line":200,"column":92},"end":{"line":200,"column":93}},"loc":{"start":{"line":200,"column":105},"end":{"line":208,"column":5}},"line":200},"28":{"name":"(anonymous_28)","decl":{"start":{"line":209,"column":68},"end":{"line":209,"column":69}},"loc":{"start":{"line":209,"column":74},"end":{"line":232,"column":6}},"line":209},"29":{"name":"(anonymous_29)","decl":{"start":{"line":209,"column":108},"end":{"line":209,"column":109}},"loc":{"start":{"line":209,"column":121},"end":{"line":232,"column":5}},"line":209},"30":{"name":"(anonymous_30)","decl":{"start":{"line":213,"column":19},"end":{"line":213,"column":20}},"loc":{"start":{"line":213,"column":25},"end":{"line":223,"column":9}},"line":213},"31":{"name":"(anonymous_31)","decl":{"start":{"line":214,"column":31},"end":{"line":214,"column":32}},"loc":{"start":{"line":214,"column":52},"end":{"line":222,"column":13}},"line":214},"32":{"name":"(anonymous_32)","decl":{"start":{"line":215,"column":43},"end":{"line":215,"column":44}},"loc":{"start":{"line":215,"column":49},"end":{"line":217,"column":17}},"line":215},"33":{"name":"(anonymous_33)","decl":{"start":{"line":218,"column":63},"end":{"line":218,"column":64}},"loc":{"start":{"line":218,"column":73},"end":{"line":221,"column":17}},"line":218}},"branchMap":{"0":{"loc":{"start":{"line":2,"column":16},"end":{"line":10,"column":1}},"type":"binary-expr","locations":[{"start":{"line":2,"column":17},"end":{"line":2,"column":21}},{"start":{"line":2,"column":25},"end":{"line":2,"column":39}},{"start":{"line":2,"column":44},"end":{"line":10,"column":1}}],"line":2},"1":{"loc":{"start":{"line":3,"column":35},"end":{"line":3,"column":109}},"type":"cond-expr","locations":[{"start":{"line":3,"column":56},"end":{"line":3,"column":61}},{"start":{"line":3,"column":64},"end":{"line":3,"column":109}}],"line":3},"2":{"loc":{"start":{"line":4,"column":16},"end":{"line":4,"column":34}},"type":"binary-expr","locations":[{"start":{"line":4,"column":16},"end":{"line":4,"column":17}},{"start":{"line":4,"column":22},"end":{"line":4,"column":33}}],"line":4},"3":{"loc":{"start":{"line":7,"column":32},"end":{"line":7,"column":115}},"type":"cond-expr","locations":[{"start":{"line":7,"column":46},"end":{"line":7,"column":67}},{"start":{"line":7,"column":70},"end":{"line":7,"column":115}}],"line":7},"4":{"loc":{"start":{"line":8,"column":51},"end":{"line":8,"column":67}},"type":"binary-expr","locations":[{"start":{"line":8,"column":51},"end":{"line":8,"column":61}},{"start":{"line":8,"column":65},"end":{"line":8,"column":67}}],"line":8},"5":{"loc":{"start":{"line":11,"column":22},"end":{"line":13,"column":1}},"type":"binary-expr","locations":[{"start":{"line":11,"column":23},"end":{"line":11,"column":27}},{"start":{"line":11,"column":31},"end":{"line":11,"column":51}},{"start":{"line":11,"column":56},"end":{"line":13,"column":1}}],"line":11},"6":{"loc":{"start":{"line":12,"column":11},"end":{"line":12,"column":61}},"type":"cond-expr","locations":[{"start":{"line":12,"column":37},"end":{"line":12,"column":40}},{"start":{"line":12,"column":43},"end":{"line":12,"column":61}}],"line":12},"7":{"loc":{"start":{"line":12,"column":12},"end":{"line":12,"column":33}},"type":"binary-expr","locations":[{"start":{"line":12,"column":12},"end":{"line":12,"column":15}},{"start":{"line":12,"column":19},"end":{"line":12,"column":33}}],"line":12},"8":{"loc":{"start":{"line":29,"column":71},"end":{"line":29,"column":180}},"type":"cond-expr","locations":[{"start":{"line":29,"column":160},"end":{"line":29,"column":171}},{"start":{"line":29,"column":174},"end":{"line":29,"column":180}}],"line":29},"9":{"loc":{"start":{"line":29,"column":72},"end":{"line":29,"column":156}},"type":"cond-expr","locations":[{"start":{"line":29,"column":128},"end":{"line":29,"column":134}},{"start":{"line":29,"column":137},"end":{"line":29,"column":156}}],"line":29},"10":{"loc":{"start":{"line":29,"column":72},"end":{"line":29,"column":125}},"type":"binary-expr","locations":[{"start":{"line":29,"column":72},"end":{"line":29,"column":108}},{"start":{"line":29,"column":112},"end":{"line":29,"column":125}}],"line":29},"11":{"loc":{"start":{"line":113,"column":26},"end":{"line":113,"column":166}},"type":"cond-expr","locations":[{"start":{"line":113,"column":158},"end":{"line":113,"column":160}},{"start":{"line":113,"column":163},"end":{"line":113,"column":166}}],"line":113},"12":{"loc":{"start":{"line":113,"column":26},"end":{"line":113,"column":155}},"type":"binary-expr","locations":[{"start":{"line":113,"column":26},"end":{"line":113,"column":138}},{"start":{"line":113,"column":142},"end":{"line":113,"column":155}}],"line":113},"13":{"loc":{"start":{"line":113,"column":32},"end":{"line":113,"column":128}},"type":"cond-expr","locations":[{"start":{"line":113,"column":89},"end":{"line":113,"column":95}},{"start":{"line":113,"column":98},"end":{"line":113,"column":128}}],"line":113},"14":{"loc":{"start":{"line":113,"column":32},"end":{"line":113,"column":86}},"type":"binary-expr","locations":[{"start":{"line":113,"column":32},"end":{"line":113,"column":56}},{"start":{"line":113,"column":60},"end":{"line":113,"column":86}}],"line":113},"15":{"loc":{"start":{"line":137,"column":27},"end":{"line":137,"column":126}},"type":"cond-expr","locations":[{"start":{"line":137,"column":86},"end":{"line":137,"column":92}},{"start":{"line":137,"column":95},"end":{"line":137,"column":126}}],"line":137},"16":{"loc":{"start":{"line":137,"column":27},"end":{"line":137,"column":83}},"type":"binary-expr","locations":[{"start":{"line":137,"column":27},"end":{"line":137,"column":52}},{"start":{"line":137,"column":56},"end":{"line":137,"column":83}}],"line":137},"17":{"loc":{"start":{"line":160,"column":25},"end":{"line":160,"column":165}},"type":"cond-expr","locations":[{"start":{"line":160,"column":157},"end":{"line":160,"column":159}},{"start":{"line":160,"column":162},"end":{"line":160,"column":165}}],"line":160},"18":{"loc":{"start":{"line":160,"column":25},"end":{"line":160,"column":154}},"type":"binary-expr","locations":[{"start":{"line":160,"column":25},"end":{"line":160,"column":137}},{"start":{"line":160,"column":141},"end":{"line":160,"column":154}}],"line":160},"19":{"loc":{"start":{"line":160,"column":31},"end":{"line":160,"column":127}},"type":"cond-expr","locations":[{"start":{"line":160,"column":88},"end":{"line":160,"column":94}},{"start":{"line":160,"column":97},"end":{"line":160,"column":127}}],"line":160},"20":{"loc":{"start":{"line":160,"column":31},"end":{"line":160,"column":85}},"type":"binary-expr","locations":[{"start":{"line":160,"column":31},"end":{"line":160,"column":55}},{"start":{"line":160,"column":59},"end":{"line":160,"column":85}}],"line":160},"21":{"loc":{"start":{"line":204,"column":27},"end":{"line":204,"column":110}},"type":"cond-expr","locations":[{"start":{"line":204,"column":78},"end":{"line":204,"column":84}},{"start":{"line":204,"column":87},"end":{"line":204,"column":110}}],"line":204},"22":{"loc":{"start":{"line":204,"column":27},"end":{"line":204,"column":75}},"type":"binary-expr","locations":[{"start":{"line":204,"column":27},"end":{"line":204,"column":48}},{"start":{"line":204,"column":52},"end":{"line":204,"column":75}}],"line":204},"23":{"loc":{"start":{"line":205,"column":27},"end":{"line":205,"column":112}},"type":"cond-expr","locations":[{"start":{"line":205,"column":78},"end":{"line":205,"column":84}},{"start":{"line":205,"column":87},"end":{"line":205,"column":112}}],"line":205},"24":{"loc":{"start":{"line":205,"column":27},"end":{"line":205,"column":75}},"type":"binary-expr","locations":[{"start":{"line":205,"column":27},"end":{"line":205,"column":48}},{"start":{"line":205,"column":52},"end":{"line":205,"column":75}}],"line":205},"25":{"loc":{"start":{"line":207,"column":27},"end":{"line":207,"column":114}},"type":"cond-expr","locations":[{"start":{"line":207,"column":78},"end":{"line":207,"column":84}},{"start":{"line":207,"column":87},"end":{"line":207,"column":114}}],"line":207},"26":{"loc":{"start":{"line":207,"column":27},"end":{"line":207,"column":75}},"type":"binary-expr","locations":[{"start":{"line":207,"column":27},"end":{"line":207,"column":48}},{"start":{"line":207,"column":52},"end":{"line":207,"column":75}}],"line":207},"27":{"loc":{"start":{"line":229,"column":27},"end":{"line":229,"column":88}},"type":"cond-expr","locations":[{"start":{"line":229,"column":64},"end":{"line":229,"column":70}},{"start":{"line":229,"column":73},"end":{"line":229,"column":88}}],"line":229},"28":{"loc":{"start":{"line":229,"column":27},"end":{"line":229,"column":61}},"type":"binary-expr","locations":[{"start":{"line":229,"column":27},"end":{"line":229,"column":41}},{"start":{"line":229,"column":45},"end":{"line":229,"column":61}}],"line":229},"29":{"loc":{"start":{"line":231,"column":27},"end":{"line":231,"column":126}},"type":"cond-expr","locations":[{"start":{"line":231,"column":86},"end":{"line":231,"column":92}},{"start":{"line":231,"column":95},"end":{"line":231,"column":126}}],"line":231},"30":{"loc":{"start":{"line":231,"column":27},"end":{"line":231,"column":83}},"type":"binary-expr","locations":[{"start":{"line":231,"column":27},"end":{"line":231,"column":52}},{"start":{"line":231,"column":56},"end":{"line":231,"column":83}}],"line":231},"31":{"loc":{"start":{"line":231,"column":159},"end":{"line":231,"column":255}},"type":"cond-expr","locations":[{"start":{"line":231,"column":216},"end":{"line":231,"column":222}},{"start":{"line":231,"column":225},"end":{"line":231,"column":255}}],"line":231},"32":{"loc":{"start":{"line":231,"column":159},"end":{"line":231,"column":213}},"type":"binary-expr","locations":[{"start":{"line":231,"column":159},"end":{"line":231,"column":183}},{"start":{"line":231,"column":187},"end":{"line":231,"column":213}}],"line":231}},"s":{"0":1,"1":29,"2":10,"3":9,"4":29,"5":29,"6":0,"7":0,"8":0,"9":0,"10":38,"11":9,"12":1,"13":3,"14":1,"15":1,"16":1,"17":1,"18":1,"19":1,"20":1,"21":1,"22":1,"23":1,"24":1,"25":1,"26":1,"27":1,"28":1,"29":1,"30":1,"31":1,"32":1,"33":1,"34":1,"35":1,"36":1,"37":1,"38":1,"39":1,"40":1,"41":1,"42":1,"43":1,"44":1,"45":1,"46":1,"47":1,"48":1,"49":1,"50":1,"51":1,"52":1,"53":1,"54":1,"55":1,"56":1,"57":1,"58":1,"59":1,"60":1,"61":1,"62":1,"63":1,"64":1,"65":1,"66":1,"67":1,"68":1,"69":1,"70":1,"71":1,"72":1,"73":1,"74":1,"75":1,"76":1,"77":1,"78":1,"79":1,"80":1,"81":1,"82":1,"83":1,"84":1,"85":1,"86":1,"87":1,"88":1,"89":1,"90":1,"91":1,"92":1,"93":1,"94":1,"95":1,"96":1,"97":1,"98":1,"99":1,"100":1,"101":1,"102":1,"103":1,"104":1,"105":1,"106":1,"107":1,"108":1,"109":1,"110":1,"111":1,"112":1,"113":1,"114":1,"115":1,"116":1,"117":1,"118":1,"119":1,"120":1,"121":1,"122":1,"123":1,"124":1,"125":0,"126":0,"127":1,"128":1,"129":1,"130":1,"131":1,"132":1,"133":1,"134":1,"135":1,"136":1,"137":1,"138":1,"139":1,"140":1,"141":1,"142":1,"143":1,"144":1,"145":1,"146":1,"147":1,"148":1,"149":1,"150":1,"151":0,"152":0,"153":1,"154":1,"155":1,"156":1,"157":1,"158":1,"159":1,"160":1},"f":{"0":9,"1":29,"2":10,"3":9,"4":29,"5":0,"6":38,"7":3,"8":1,"9":1,"10":1,"11":1,"12":1,"13":1,"14":1,"15":1,"16":1,"17":1,"18":1,"19":1,"20":1,"21":1,"22":1,"23":0,"24":1,"25":1,"26":1,"27":1,"28":1,"29":1,"30":1,"31":1,"32":1,"33":0},"b":{"0":[1,1,1],"1":[19,10],"2":[9,9],"3":[9,29],"4":[9,9],"5":[1,1,1],"6":[0,3],"7":[3,3],"8":[1,0],"9":[0,1],"10":[1,1],"11":[1,0],"12":[1,1],"13":[0,1],"14":[1,1],"15":[0,1],"16":[1,1],"17":[1,0],"18":[1,1],"19":[0,1],"20":[1,1],"21":[0,1],"22":[1,1],"23":[0,1],"24":[1,1],"25":[0,1],"26":[1,1],"27":[0,1],"28":[1,1],"29":[0,1],"30":[1,1],"31":[0,1],"32":[1,1]},"inputSourceMap":{"version":3,"file":"C:/Users/mubas/Desktop/chainscore/backend/zexe-arbitrum.01-ts/src/test/api/AorderScriptTest.ts","sources":["C:/Users/mubas/Desktop/chainscore/backend/zexe-arbitrum.01-ts/src/test/api/AorderScriptTest.ts"],"names":[],"mappings":";;;;;;;;;;;;;;;AACA,oDAAyB;AACzB,+BAAoC;AACpC,+BAA8B;AAC9B,0DAAiC;AACjC,mCAAgC;AAGhC,iCAA8E;AAC9E,8CAAwD;AACxD,qEAAwF;AAExF,uCAAmF;AACnF,uDAAsC;AACtC,gDAAwB;AACxB,wDAAsD;AACtD,IAAA,UAAG,EAAC,mBAAQ,CAAC,CAAC;AACd,OAAO,CAAC,QAAQ,CAAC,CAAC,MAAM,CAAC,EAAE,IAAI,EAAE,cAAI,CAAC,OAAO,CAAC,OAAO,CAAC,GAAG,EAAE,EAAE,CAAA,MAAA,OAAO,CAAC,GAAG,CAAC,QAAQ,0CAAE,QAAQ,CAAC,MAAM,CAAC,EAAC,CAAC,CAAC,WAAW,CAAC,CAAC,CAAC,MAAM,CAAC,EAAE,CAAC,CAAC;AAC/H,MAAM,MAAM,GAAG,IAAA,qBAAE,EAAC,uBAAuB,CAAC,CAAC;AAG3C,QAAQ,CAAC,sEAAsE,EAAE,GAAS,EAAE;IAExF,eAAe;IACf,IAAI,OAAO,GAAG,QAAQ,CAAA;IACtB,IAAI,QAAQ,GAAG,IAAA,mBAAW,EAAC,OAAO,CAAC,CAAC;IAEpC,IAAI,QAAQ,GAAG,IAAI,eAAM,CAAC,QAAQ,CAAC,oCAAe,EAAE,IAAA,sBAAc,GAAE,EAAE,QAAQ,CAAC,CAAC;IAChF,IAAI,GAAG,GAAG,IAAI,eAAM,CAAC,QAAQ,CACzB,+BAAU,EAAE,IAAA,mBAAW,GAAE,EAAE,QAAQ,CAAC,CAAC;IACzC,IAAI,IAAI,GAAG,IAAI,eAAM,CAAC,QAAQ,CAAC,gCAAW,EAAE,IAAA,mBAAW,GAAE,EAAE,QAAQ,CAAC,CAAC;IAErE,IAAI,KAAK,GAAG,IAAI,eAAM,CAAC,MAAM,CAAC,OAAO,CAAC,GAAG,CAAC,YAAuB,CAAC,CAAC,OAAO,CAAC,QAAQ,CAAC,CAAC,CAAC,GAAG;IACzF,IAAI,KAAK,GAAG,IAAI,eAAM,CAAC,MAAM,CAAC,OAAO,CAAC,GAAG,CAAC,YAAuB,CAAC,CAAC,OAAO,CAAC,QAAQ,CAAC,CAAC,CAAC,GAAG;IACzF,IAAI,UAAU,GAAU,EAAE,CAAC;IAC3B,IAAI,MAAM,GAAU,EAAE,CAAC;IACvB,IAAI,YAAY,GAAG,eAAM,CAAC,KAAK,CAAC,UAAU,CAAC,OAAO,CAAC,CAAC,QAAQ,EAAE,CAAC;IAC/D,IAAI,KAAK,GAAG,EAAE,CAAC;IACf,IAAI,OAAO,GAAG,EAAE,CAAC;IACjB,IAAI,IAAI,GAAG,IAAI,CAAC,KAAK,CAAC,IAAI,CAAC,MAAM,EAAE,GAAG,OAAO,CAAC,CAAC;IAC/C,IAAI,MAAM,GAAG,eAAM,CAAC,KAAK,CAAC,UAAU,CAAC,GAAG,CAAC,CAAC,QAAQ,EAAE,CAAC;IACrD,IAAI,SAAS,GAAG,CAAC,CAAC,CAAC,uBAAuB;IAC1C,IAAI,SAAS,GAAG,EAAE,CAAA;IAClB,IAAI,cAAc,GAAG,GAAG,CAAC;IACzB,MAAM,CAAC,GAAS,EAAE;QACd,oFAAoF;QACpF,aAAa;QACb,MAAM,IAAA,YAAO,GAAE,CAAA;IACnB,CAAC,CAAA,CAAC,CAAC;IAEH,EAAE,CAAC,uEAAuE,EAAE,GAAS,EAAE;QAEnF,IAAI,kBAAkB,GAAG,CAAC,MAAM,GAAG,CAAC,SAAS,CAAC,KAAK,CAAC,OAAO,CAAC,CAAC,CAAC,QAAQ,EAAE,CAAC;QACzE,IAAI,mBAAmB,GAAG,CAAC,MAAM,IAAI,CAAC,SAAS,CAAC,KAAK,CAAC,OAAO,CAAC,CAAC,CAAC,QAAQ,EAAE,CAAC;QAE3E,MAAM,SAAS,GAAG,eAAM,CAAC,KAAK,CAAC,UAAU,CAAC,IAAI,CAAC,CAAC,QAAQ,EAAE,CAAC;QAC3D,IAAI,GAAG,GAAG,MAAM,GAAG,CAAC,OAAO,CAAC,KAAK,CAAC,CAAC,IAAI,CAAC,KAAK,CAAC,OAAO,EAAE,SAAS,CAAC,CAAC;QAElE,uBAAuB;QACvB,IAAI,OAAO,GAAG,MAAM,GAAG,CAAC,OAAO,CAAC,KAAK,CAAC,CAAC,OAAO,CAAC,QAAQ,CAAC,OAAO,EAAE,eAAM,CAAC,SAAS,CAAC,UAAU,CAAC,CAAC;QAE9F,MAAM,UAAU,GAAG,eAAM,CAAC,KAAK,CAAC,UAAU,CAAC,QAAQ,CAAC,CAAC,QAAQ,EAAE,CAAC;QAChE,IAAI,GAAG,GAAG,MAAM,IAAI,CAAC,OAAO,CAAC,KAAK,CAAC,CAAC,IAAI,CAAC,KAAK,CAAC,OAAO,EAAE,UAAU,CAAC,CAAC;QAEpE,uBAAuB;QACvB,IAAI,QAAQ,GAAG,MAAM,IAAI,CAAC,OAAO,CAAC,KAAK,CAAC,CAAC,OAAO,CAAC,QAAQ,CAAC,OAAO,EAAE,eAAM,CAAC,SAAS,CAAC,UAAU,CAAC,CAAC;QAEhG,IAAI,mBAAmB,GAAG,CAAC,MAAM,GAAG,CAAC,SAAS,CAAC,KAAK,CAAC,OAAO,CAAC,CAAC,CAAC,QAAQ,EAAE,CAAC;QAC1E,IAAI,oBAAoB,GAAG,CAAC,MAAM,IAAI,CAAC,SAAS,CAAC,KAAK,CAAC,OAAO,CAAC,CAAC,CAAC,QAAQ,EAAE,CAAC;QAE5E,IAAA,aAAM,EAAC,mBAAmB,CAAC,CAAC,EAAE,CAAC,KAAK,CAAC,IAAA,kBAAU,EAAC,IAAA,gBAAG,EAAC,SAAS,CAAC,CAAC,IAAI,CAAC,kBAAkB,CAAC,CAAC,QAAQ,EAAE,CAAC,CAAC,CAAC;QACrG,IAAA,aAAM,EAAC,oBAAoB,CAAC,CAAC,EAAE,CAAC,KAAK,CAAC,IAAA,kBAAU,EAAC,IAAA,gBAAG,EAAC,UAAU,CAAC,CAAC,IAAI,CAAC,mBAAmB,CAAC,CAAC,QAAQ,EAAE,CAAC,CAAC,CAAC;IAG5G,CAAC,CAAA,CAAC,CAAC;IAGH,EAAE,CAAC,6EAA6E,EAAE,GAAS,EAAE;;QAEzF,MAAM,MAAM,GAAG;YACX,IAAI,EAAE,MAAM;YACZ,OAAO,EAAE,GAAG;YACZ,OAAO,EAAE,OAAO,CAAC,QAAQ,EAAE;YAC3B,iBAAiB,EAAE,IAAA,0BAAkB,EAAC,OAAO,CAAC;SACjD,CAAC;QAEF,yCAAyC;QACzC,MAAM,KAAK,GAAG;YACV,KAAK,EAAE;gBACH,EAAE,IAAI,EAAE,OAAO,EAAE,IAAI,EAAE,SAAS,EAAE;gBAClC,EAAE,IAAI,EAAE,QAAQ,EAAE,IAAI,EAAE,SAAS,EAAE;gBACnC,EAAE,IAAI,EAAE,QAAQ,EAAE,IAAI,EAAE,SAAS,EAAE;gBACnC,EAAE,IAAI,EAAE,QAAQ,EAAE,IAAI,EAAE,SAAS,EAAE;gBACnC,EAAE,IAAI,EAAE,WAAW,EAAE,IAAI,EAAE,OAAO,EAAE;gBACpC,EAAE,IAAI,EAAE,MAAM,EAAE,IAAI,EAAE,QAAQ,EAAE;gBAChC,EAAE,IAAI,EAAE,cAAc,EAAE,IAAI,EAAE,SAAS,EAAE;gBACzC,EAAE,IAAI,EAAE,aAAa,EAAE,IAAI,EAAE,QAAQ,EAAE;gBACvC,EAAE,IAAI,EAAE,OAAO,EAAE,IAAI,EAAE,OAAO,EAAE;aACnC;SACJ,CAAC;QAEF,mBAAmB;QACnB,MAAM,KAAK,GAAG;YACV,KAAK,EAAE,KAAK,CAAC,OAAO,CAAC,WAAW,EAAE;YAClC,MAAM,EAAE,GAAG,CAAC,OAAO,CAAC,WAAW,EAAE;YACjC,MAAM,EAAE,IAAI,CAAC,OAAO,CAAC,WAAW,EAAE;YAClC,MAAM,EAAE,MAAM;YACd,SAAS,EAAE,SAAS;YACpB,IAAI,EAAE,IAAI;YACV,YAAY,EAAE,YAAY;YAC1B,WAAW,EAAE,CAAC;YACd,KAAK,EAAE,CAAC;SACX,CAAC;QAEF,MAAM,CAAC,IAAI,CAAC,KAAK,CAAC,CAAC;QACnB,kBAAkB;QAClB,MAAM,eAAe,GAAG,MAAM,KAAK,CAAC,cAAc,CAC9C,MAAM,EACN,KAAK,EACL,KAAK,CACR,CAAC;QACF,UAAU,CAAC,IAAI,CAAC,eAAe,CAAC,CAAC;QACjC,gBAAgB;QAChB,6BAA6B;QAC7B,MAAM;QAEN,IAAI,eAAe,GAAG,MAAM,iBAAY,CAAC,OAAO,CAAC,EAAE,KAAK,EAAE,GAAG,CAAC,OAAO,CAAC,WAAW,EAAE,EAAE,EAAE,EAAE,KAAK,CAAC,OAAO,CAAC,WAAW,EAAE,EAAE,CAAC,CAAC,IAAI,EAAE,CAAC;QAE/H,IAAI,WAAW,GAAG,MAAA,eAAe,aAAf,eAAe,uBAAf,eAAe,CAAE,cAAc,mCAAI,GAAG,CAAC;QAEzD,IAAI,GAAG,GAAG,MAAM,IAAA,cAAO,EAAC,uBAAuB,CAAC;aAC3C,IAAI,CAAC,eAAe,CAAC;aACrB,IAAI,CACD;YACI,MAAM,EAAE;gBACJ,OAAO,EAAE,KAAK,CAAC,OAAO,CAAC,WAAW,EAAE;gBACpC,QAAQ,EAAE,GAAG,CAAC,OAAO,CAAC,WAAW,EAAE;gBACnC,QAAQ,EAAE,IAAI,CAAC,OAAO,CAAC,WAAW,EAAE;gBACpC,QAAQ,EAAE,MAAM;gBAChB,WAAW,EAAE,SAAS;gBACtB,MAAM,EAAE,IAAI;gBACZ,cAAc,EAAE,YAAY;gBAC5B,WAAW,EAAE,CAAC;gBACd,KAAK,EAAE,CAAC;aACX;YACD,WAAW,EAAE,eAAe,CAAC,WAAW,EAAE;YAC1C,SAAS,EAAE,OAAO;SACrB,CACJ,CAAC;QAEN,IAAI,gBAAgB,GAAG,MAAM,iBAAY,CAAC,OAAO,CAAC,EAAE,KAAK,EAAE,GAAG,CAAC,OAAO,CAAC,WAAW,EAAE,EAAE,EAAE,EAAE,KAAK,CAAC,OAAO,CAAC,WAAW,EAAE,EAAE,CAAC,CAAC,IAAI,EAAE,CAAA;QAE/H,IAAA,aAAM,EAAC,GAAG,CAAC,CAAC,EAAE,CAAC,IAAI,CAAC,MAAM,CAAC,GAAG,CAAC,CAAC;QAChC,IAAA,aAAM,EAAC,GAAG,CAAC,IAAI,CAAC,MAAM,CAAC,CAAC,EAAE,CAAC,EAAE,CAAC,KAAK,CAAC,IAAI,CAAC,CAAC;QAC1C,IAAA,aAAM,EAAC,GAAG,CAAC,IAAI,CAAC,CAAC,EAAE,CAAC,EAAE,CAAC,EAAE,CAAC,QAAQ,CAAC,CAAC;QACpC,IAAA,aAAM,EAAC,GAAG,CAAC,IAAI,CAAC,OAAO,CAAC,CAAC,EAAE,CAAC,IAAI,CAAC,MAAM,CAAC,4BAA4B,CAAC,CAAC;QACtE,IAAA,aAAM,EAAC,gBAAgB,CAAC,CAAC,GAAG,CAAC,EAAE,CAAC,EAAE,CAAC,IAAI,CAAC;QACxC,IAAA,aAAM,EAAC,gBAAgB,aAAhB,gBAAgB,uBAAhB,gBAAgB,CAAE,cAAc,CAAC,CAAC,EAAE,CAAC,KAAK,CAAC,IAAA,gBAAG,EAAC,WAAW,CAAC,CAAC,IAAI,CAAC,MAAM,CAAC,CAAC,QAAQ,EAAE,CAAC,CAAA;IAE/F,CAAC,CAAA,CAAC,CAAC;IAEH,EAAE,CAAC,iCAAiC,EAAE,GAAS,EAAE;QAE7C,IAAI,IAAI,GAAG,MAAM,iBAAY,CAAC,OAAO,CAAC,EAAE,SAAS,EAAE,UAAU,CAAC,CAAC,CAAC,EAAE,CAAC,CAAC,IAAI,EAAqB,CAAC;QAC9F,IAAA,aAAM,EAAC,IAAI,CAAC,CAAC,EAAE,CAAC,EAAE,CAAC,EAAE,CAAC,QAAQ,CAAC,CAAC;QAChC,IAAA,aAAM,EAAC,IAAI,CAAC,MAAM,CAAC,CAAC,EAAE,CAAC,KAAK,CAAC,MAAM,CAAC,CAAC;QACrC,IAAA,aAAM,EAAC,IAAI,CAAC,KAAK,CAAC,CAAC,EAAE,CAAC,KAAK,CAAC,KAAK,CAAC,OAAO,CAAC,WAAW,EAAE,CAAC,CAAC;QACzD,OAAO,GAAG,IAAI,CAAC,EAAE,CAAA;IACrB,CAAC,CAAA,CAAC,CAAA;IAGF,EAAE,CAAC,gCAAgC,EAAE,GAAS,EAAE;;QAC5C,WAAW;QACX,IAAI,kBAAkB,GAAG,GAAG,CAAC,SAAS,CAAC,KAAK,CAAC,OAAO,CAAC,CAAC;QACtD,IAAI,kBAAkB,GAAG,GAAG,CAAC,SAAS,CAAC,KAAK,CAAC,OAAO,CAAC,CAAC;QACtD,IAAI,mBAAmB,GAAG,IAAI,CAAC,SAAS,CAAC,KAAK,CAAC,OAAO,CAAC,CAAC;QACxD,IAAI,mBAAmB,GAAG,IAAI,CAAC,SAAS,CAAC,KAAK,CAAC,OAAO,CAAC,CAAC;QACxD,IAAI,OAAO,GAAG,MAAM,OAAO,CAAC,GAAG,CAAC,CAAC,kBAAkB,EAAE,kBAAkB,EAAE,mBAAmB,EAAE,mBAAmB,CAAC,CAAC,CAAA;QACnH,kBAAkB,GAAG,OAAO,CAAC,CAAC,CAAC,CAAC,QAAQ,EAAE,CAAC;QAC3C,kBAAkB,GAAG,OAAO,CAAC,CAAC,CAAC,CAAC,QAAQ,EAAE,CAAA;QAC1C,mBAAmB,GAAG,OAAO,CAAC,CAAC,CAAC,CAAC,QAAQ,EAAE,CAAA;QAC3C,mBAAmB,GAAG,OAAO,CAAC,CAAC,CAAC,CAAC,QAAQ,EAAE,CAAA;QAE3C,kBAAkB;QAClB,IAAI,eAAe,GAAG,MAAM,iBAAY,CAAC,OAAO,CAAC,EAAE,KAAK,EAAE,GAAG,CAAC,OAAO,CAAC,WAAW,EAAE,EAAE,EAAE,EAAE,KAAK,CAAC,OAAO,CAAC,WAAW,EAAE,EAAE,CAAC,CAAC,IAAI,EAAE,CAAC;QAE/H,cAAc,GAAG,MAAA,eAAe,aAAf,eAAe,uBAAf,eAAe,CAAE,cAAc,mCAAI,GAAG,CAAC;QAExD,SAAS,GAAG,eAAM,CAAC,KAAK,CAAC,UAAU,CAAC,KAAK,CAAC,CAAC,QAAQ,EAAE,CAAC;QAEtD,MAAM,KAAK,GAAG,MAAM,QAAQ,CAAC,OAAO,CAAC,KAAK,CAAC,CAAC,kBAAkB,CAC1D,CAAC,UAAU,CAAC,CAAC,CAAC,CAAC,EACf,CAAC,MAAM,CAAC,CAAC,CAAC,CAAC,EACX,SAAS,EACT,EAAE,QAAQ,EAAE,WAAW,EAAE,CAC5B,CAAC;QAEF,MAAM,KAAK,CAAC,IAAI,CAAC,CAAC,CAAC,CAAA;QACnB,IAAI,mBAAmB,GAAG,GAAG,CAAC,SAAS,CAAC,KAAK,CAAC,OAAO,CAAC,CAAC;QACvD,IAAI,oBAAoB,GAAG,IAAI,CAAC,SAAS,CAAC,KAAK,CAAC,OAAO,CAAC,CAAC;QACzD,IAAI,oBAAoB,GAAG,IAAI,CAAC,SAAS,CAAC,KAAK,CAAC,OAAO,CAAC,CAAC;QACzD,IAAI,mBAAmB,GAAG,GAAG,CAAC,SAAS,CAAC,KAAK,CAAC,OAAO,CAAC,CAAC;QAEvD,IAAI,QAAQ,GAAG,MAAM,OAAO,CAAC,GAAG,CAAC,CAAC,mBAAmB,EAAE,oBAAoB,EAAE,oBAAoB,EAAE,mBAAmB,CAAC,CAAC,CAAC;QACzH,mBAAmB,GAAG,QAAQ,CAAC,CAAC,CAAC,CAAC,QAAQ,EAAE,CAAC;QAC7C,oBAAoB,GAAG,QAAQ,CAAC,CAAC,CAAC,CAAC,QAAQ,EAAE,CAAC;QAC9C,oBAAoB,GAAG,QAAQ,CAAC,CAAC,CAAC,CAAC,QAAQ,EAAE,CAAC;QAC9C,mBAAmB,GAAG,QAAQ,CAAC,CAAC,CAAC,CAAC,QAAQ,EAAE,CAAC;QAE7C,IAAA,aAAM,EAAC,mBAAmB,CAAC,CAAC,EAAE,CAAC,KAAK,CAAC,IAAA,kBAAU,EAAC,IAAA,gBAAG,EAAC,kBAAkB,CAAC,CAAC,KAAK,CAAC,SAAS,CAAC,CAAC,QAAQ,EAAE,CAAC,CAAC,CAAC;QACtG,IAAA,aAAM,EAAC,oBAAoB,CAAC,CAAC,EAAE,CAAC,KAAK,CAAC,IAAA,kBAAU,EAC5C,IAAA,gBAAG,EAAC,mBAAmB,CAAC;aACnB,IAAI,CAAC,IAAA,gBAAG,EAAC,SAAS,CAAC;aACf,KAAK,CAAC,YAAY,CAAC;aACnB,GAAG,CAAC,IAAA,gBAAG,EAAC,EAAE,CAAC,CAAC,GAAG,CAAC,EAAE,CAAC,CAAC,CAAC,CAAC,QAAQ,EAAE,CAC5C,CAAC,CAAC;QACH,IAAA,aAAM,EAAC,mBAAmB,CAAC,CAAC,EAAE,CAAC,KAAK,CAAC,IAAA,kBAAU,EAAC,IAAA,gBAAG,EAAC,kBAAkB,CAAC,CAAC,IAAI,CAAC,SAAS,CAAC,CAAC,QAAQ,EAAE,CAAC,CAAC,CAAA;QACpG,IAAA,aAAM,EAAC,oBAAoB,CAAC,CAAC,EAAE,CAAC,KAAK,CAAC,IAAA,kBAAU,EAC5C,IAAA,gBAAG,EAAC,mBAAmB,CAAC;aACnB,KAAK,CAAC,IAAA,gBAAG,EAAC,SAAS,CAAC;aAChB,KAAK,CAAC,YAAY,CAAC;aACnB,GAAG,CAAC,IAAA,gBAAG,EAAC,EAAE,CAAC,CAAC,GAAG,CAAC,EAAE,CAAC,CAAC,CAAC,CAAC,QAAQ,EAAE,CAC5C,CAAC,CAAC;QAGH,IAAI,IAAI,GAAG,GAAG,EAAE;YACZ,OAAO,IAAI,OAAO,CAAC,CAAC,OAAO,EAAE,MAAM,EAAE,EAAE;gBAEnC,IAAI,SAAS,GAAG,UAAU,CAAC,GAAG,EAAE;oBAC5B,OAAO,OAAO,CAAC,SAAS,CAAC,CAAA;gBAC7B,CAAC,EAAE,KAAK,CAAC,CAAA;gBAET,MAAM,CAAC,EAAE,CAAC,sBAAU,CAAC,YAAY,EAAE,CAAC,IAAI,EAAE,EAAE;oBACxC,YAAY,CAAC,SAAS,CAAC,CAAA;oBACvB,OAAO,OAAO,CAAC,SAAS,CAAC,CAAA;gBAC7B,CAAC,CAAC,CAAA;YACN,CAAC,CAAC,CAAA;QACN,CAAC,CAAA;QAED,IAAI,GAAG,GAAG,MAAM,IAAI,EAAE,CAAA;QACtB,IAAA,aAAM,EAAC,GAAG,CAAC,CAAC,EAAE,CAAC,KAAK,CAAC,SAAS,CAAC,CAAA;QAE/B,MAAM,KAAK,CAAC,IAAI,CAAC,CAAC,CAAC,CAAC,IAAI,CAAC,CAAO,IAAS,EAAE,EAAE;YAEzC,KAAK,GAAG,IAAI,CAAC,eAAe,CAAA;QAEhC,CAAC,CAAA,CAAC,CAAA;IACN,CAAC,CAAA,CAAC,CAAC;IAGH,EAAE,CAAC,2CAA2C,EAAE,GAAS,EAAE;QAEvD,IAAI,YAAY,GAAG,MAAM,kBAAa,CAAC,OAAO,CAAC,EAAE,KAAK,EAAE,KAAK,EAAE,EAAE,EAAE,OAAO,EAAE,CAAC,CAAC,IAAI,EAAE,CAAC;QACrF,IAAI,YAAY,GAAG,MAAM,iBAAY,CAAC,OAAO,CAAC,EAAE,EAAE,EAAE,KAAK,CAAC,OAAO,CAAC,WAAW,EAAE,EAAE,KAAK,EAAE,GAAG,CAAC,OAAO,CAAC,WAAW,EAAE,EAAE,CAAC,CAAC,IAAI,EAAE,CAAA;QAC3H,IAAA,aAAM,EAAC,YAAY,CAAC,CAAC,GAAG,CAAC,EAAE,CAAC,EAAE,CAAC,IAAI,CAAC;QACpC,IAAA,aAAM,EAAC,YAAY,aAAZ,YAAY,uBAAZ,YAAY,CAAE,UAAU,CAAC,CAAC,EAAE,CAAC,KAAK,CAAC,SAAS,CAAC,CAAC;QACrD,IAAA,aAAM,EAAC,YAAY,aAAZ,YAAY,uBAAZ,YAAY,CAAE,YAAY,CAAC,CAAC,EAAE,CAAC,KAAK,CAAC,YAAY,CAAC,CAAC;QAC1D,IAAA,aAAM,EAAC,YAAY,CAAC,CAAC,GAAG,CAAC,EAAE,CAAC,EAAE,CAAC,IAAI,CAAC;QACpC,IAAA,aAAM,EAAC,YAAY,aAAZ,YAAY,uBAAZ,YAAY,CAAE,cAAc,CAAC,CAAC,EAAE,CAAC,KAAK,CAAC,IAAA,gBAAG,EAAC,cAAc,CAAC,CAAC,KAAK,CAAC,SAAS,CAAC,CAAC,QAAQ,EAAE,CAAC,CAAA;IAElG,CAAC,CAAA,CAAC,CAAA;IAKF,EAAE,CAAC,2DAA2D,EAAE,GAAS,EAAE;QAEvE,IAAI,eAAe,GAAG,MAAM,iBAAY,CAAC,OAAO,CAAC,EAAE,EAAE,EAAE,KAAK,CAAC,OAAO,CAAC,WAAW,EAAE,EAAE,KAAK,EAAE,GAAG,CAAC,OAAO,CAAC,WAAW,EAAE,EAAE,CAAC,CAAC,IAAI,EAAE,CAAA;QAE9H,IAAI,KAAK,GAAG,MAAM,QAAQ,CAAC,OAAO,CAAC,KAAK,CAAC,CAAC,WAAW,CACjD,UAAU,CAAC,CAAC,CAAC,EACb,MAAM,CAAC,CAAC,CAAC,EACT,EAAE,QAAQ,EAAE,WAAW,EAAE,CAC5B,CAAA;QAED,MAAM,KAAK,CAAC,IAAI,CAAC,CAAC,CAAC,CAAC;QAEpB,IAAI,IAAI,GAAG,GAAG,EAAE;YACZ,OAAO,IAAI,OAAO,CAAC,CAAC,OAAO,EAAE,MAAM,EAAE,EAAE;gBAEnC,IAAI,SAAS,GAAG,UAAU,CAAC,GAAG,EAAE;oBAC5B,OAAO,OAAO,CAAC,SAAS,CAAC,CAAA;gBAC7B,CAAC,EAAE,KAAK,CAAC,CAAA;gBAET,MAAM,CAAC,EAAE,CAAC,sBAAU,CAAC,YAAY,EAAE,CAAC,IAAI,EAAE,EAAE;oBACxC,YAAY,CAAC,SAAS,CAAC,CAAA;oBACvB,OAAO,OAAO,CAAC,SAAS,CAAC,CAAA;gBAC7B,CAAC,CAAC,CAAA;YACN,CAAC,CAAC,CAAA;QACN,CAAC,CAAA;QACD,IAAI,GAAG,GAAG,MAAM,IAAI,EAAE,CAAA;QACtB,IAAA,aAAM,EAAC,GAAG,CAAC,CAAC,EAAE,CAAC,KAAK,CAAC,SAAS,CAAC,CAAA;QAC/B,IAAI,KAAK,GAAG,MAAM,iBAAY,CAAC,OAAO,CAAC,EAAE,EAAE,EAAE,OAAO,EAAE,CAAC,CAAC,IAAI,EAAE,CAAC;QAC/D,IAAI,gBAAgB,GAAG,MAAM,iBAAY,CAAC,OAAO,CAAC,EAAE,EAAE,EAAE,KAAK,CAAC,OAAO,CAAC,WAAW,EAAE,EAAE,KAAK,EAAE,GAAG,CAAC,OAAO,CAAC,WAAW,EAAE,EAAE,CAAC,CAAC,IAAI,EAAE,CAAA;QAC/H,IAAA,aAAM,EAAC,KAAK,CAAC,CAAC,EAAE,CAAC,EAAE,CAAC,EAAE,CAAC,QAAQ,CAAC,CAAC;QACjC,IAAA,aAAM,EAAC,KAAK,aAAL,KAAK,uBAAL,KAAK,CAAE,SAAS,CAAC,CAAC,EAAE,CAAC,KAAK,CAAC,IAAI,CAAC,CAAC;QACxC,IAAA,aAAM,EAAC,gBAAgB,CAAC,CAAC,EAAE,CAAC,EAAE,CAAC,EAAE,CAAC,QAAQ,CAAC,CAAC;QAC5C,IAAA,aAAM,EAAC,gBAAgB,aAAhB,gBAAgB,uBAAhB,gBAAgB,CAAE,cAAc,CAAC,CAAC,EAAE,CAAC,KAAK,CAAC,IAAA,gBAAG,EAAC,eAAe,aAAf,eAAe,uBAAf,eAAe,CAAE,cAAyB,CAAC,CAAC,KAAK,CAAC,IAAA,gBAAG,EAAC,MAAM,CAAC,CAAC,KAAK,CAAC,SAAS,CAAC,CAAC,CAAC,QAAQ,EAAE,CAAC,CAAC;IAGtJ,CAAC,CAAA,CAAC,CAAA;AAIN,CAAC,CAAA,CAAC,CAAC","sourcesContent":["\r\nimport Big from \"big.js\";\r\nimport { use, request } from \"chai\";\r\nimport { expect } from \"chai\";\r\nimport chaiHttp from \"chai-http\";\r\nimport { ethers } from \"ethers\";\r\nimport mongoose from \"mongoose\";\r\nimport { httpServer } from \"../../../app\";\r\nimport { connect, OrderCreated, OrderExecuted, UserPosition } from \"../../db\";\r\nimport { getExchangeAddress } from \"../../helper/chain\";\r\nimport { BtcAddress, ExchangeAddress, UsdcAddress } from \"../helper/contractDeployment\";\r\nimport { ifOrderCreated } from \"../../helper/interface\";\r\nimport { getERC20ABI, getExchangeABI, getProvider, parseEther } from \"../../utils\";\r\nimport { io } from \"socket.io-client\";\r\nimport path from \"path\";\r\nimport { EVENT_NAME } from \"../../socketIo/socket.io\";\r\nuse(chaiHttp);\r\nrequire(\"dotenv\").config({ path: path.resolve(process.cwd(), process.env.NODE_ENV?.includes('test') ? \".env.test\" : \".env\") });\r\nconst socket = io(\"http://localhost:3010\");\r\n\r\n\r\ndescribe(\"Limit Order => Mint token, create order, execute order, cancel order\", async () => {\r\n\r\n    // requirements\r\n    let chainId = \"421613\"\r\n    let provider = getProvider(chainId);\r\n\r\n    let exchange = new ethers.Contract(ExchangeAddress, getExchangeABI(), provider);\r\n    let btc = new ethers.Contract(\r\n        BtcAddress, getERC20ABI(), provider);\r\n    let usdc = new ethers.Contract(UsdcAddress, getERC20ABI(), provider);\r\n\r\n    let user1 = new ethers.Wallet(process.env.PRIVATE_KEY1! as string).connect(provider); //1\r\n    let user2 = new ethers.Wallet(process.env.PRIVATE_KEY2! as string).connect(provider); //2\r\n    let signatures: any[] = [];\r\n    let orders: any[] = [];\r\n    let exchangeRate = ethers.utils.parseEther('20000').toString();\r\n    let txnId = \"\";\r\n    let orderId = \"\";\r\n    let salt = Math.floor(Math.random() * 9000000);\r\n    let amount = ethers.utils.parseEther('1').toString();\r\n    let orderType = 1; // 1 for sell 0 for buy\r\n    let btcAmount = \"\"\r\n    let userInOrderPre = '0';\r\n    before(async () => { //Before each test we empty the database   \r\n        // await mongoose.createConnection(process.env.MONGO_URL! as string).dropDatabase();\r\n        // httpServer\r\n        await connect()\r\n    });\r\n\r\n    it('mint 10 btc to user1, 200000 usdt to user2, approve exchange contract', async () => {\r\n\r\n        let user1BtcBalancePre = (await btc.balanceOf(user1.address)).toString();\r\n        let user2UsdcBalancePre = (await usdc.balanceOf(user2.address)).toString();\r\n\r\n        const btcAmount = ethers.utils.parseEther('10').toString();\r\n        let tx1 = await btc.connect(user1).mint(user1.address, btcAmount);\r\n\r\n        // approve for exchange\r\n        let approve = await btc.connect(user1).approve(exchange.address, ethers.constants.MaxUint256);\r\n\r\n        const usdcAmount = ethers.utils.parseEther('200000').toString();\r\n        let tx2 = await usdc.connect(user2).mint(user2.address, usdcAmount);\r\n\r\n        // approve for exchange\r\n        let approve1 = await usdc.connect(user2).approve(exchange.address, ethers.constants.MaxUint256);\r\n\r\n        let user1BtcBalancePost = (await btc.balanceOf(user1.address)).toString();\r\n        let user2UsdcBalancePost = (await usdc.balanceOf(user2.address)).toString();\r\n\r\n        expect(user1BtcBalancePost).to.equal(parseEther(Big(btcAmount).plus(user1BtcBalancePre).toString()));\r\n        expect(user2UsdcBalancePost).to.equal(parseEther(Big(usdcAmount).plus(user2UsdcBalancePre).toString()));\r\n\r\n\r\n    });\r\n\r\n\r\n    it(`user1 creates limit order to sell 1 btc @ 20000, check user inOrder Balance`, async () => {\r\n\r\n        const domain = {\r\n            name: \"zexe\",\r\n            version: \"1\",\r\n            chainId: chainId.toString(),\r\n            verifyingContract: getExchangeAddress(chainId),\r\n        };\r\n\r\n        // The named list of all type definitions\r\n        const types = {\r\n            Order: [\r\n                { name: 'maker', type: 'address' },\r\n                { name: 'token0', type: 'address' },\r\n                { name: 'token1', type: 'address' },\r\n                { name: 'amount', type: 'uint256' },\r\n                { name: 'orderType', type: 'uint8' },\r\n                { name: 'salt', type: 'uint32' },\r\n                { name: 'exchangeRate', type: 'uint176' },\r\n                { name: 'borrowLimit', type: 'uint32' },\r\n                { name: 'loops', type: 'uint8' }\r\n            ]\r\n        };\r\n\r\n        // The data to sign\r\n        const value = {\r\n            maker: user1.address.toLowerCase(),\r\n            token0: btc.address.toLowerCase(),\r\n            token1: usdc.address.toLowerCase(),\r\n            amount: amount,\r\n            orderType: orderType,\r\n            salt: salt,\r\n            exchangeRate: exchangeRate,\r\n            borrowLimit: 0,\r\n            loops: 0\r\n        };\r\n\r\n        orders.push(value);\r\n        // sign typed data\r\n        const storedSignature = await user1._signTypedData(\r\n            domain,\r\n            types,\r\n            value\r\n        );\r\n        signatures.push(storedSignature);\r\n        // console.log([\r\n        //     value, storedSignature\r\n        // ]);\r\n\r\n        let userPositionPre = await UserPosition.findOne({ token: btc.address.toLowerCase(), id: user1.address.toLowerCase() }).lean();\r\n\r\n        let userInOrder = userPositionPre?.inOrderBalance ?? '0';\r\n\r\n        let res = await request(\"http://localhost:3010\")\r\n            .post(\"/order/create\")\r\n            .send(\r\n                {\r\n                    \"data\": {\r\n                        \"maker\": user1.address.toLowerCase(),\r\n                        \"token0\": btc.address.toLowerCase(),\r\n                        \"token1\": usdc.address.toLowerCase(),\r\n                        \"amount\": amount,\r\n                        \"orderType\": orderType,\r\n                        \"salt\": salt,\r\n                        \"exchangeRate\": exchangeRate,\r\n                        borrowLimit: 0,\r\n                        loops: 0\r\n                    },\r\n                    \"signature\": storedSignature.toLowerCase(),\r\n                    \"chainId\": chainId\r\n                }\r\n            );\r\n\r\n        let userPositionPost = await UserPosition.findOne({ token: btc.address.toLowerCase(), id: user1.address.toLowerCase() }).lean()\r\n\r\n        expect(res).to.have.status(201);\r\n        expect(res.body.status).to.be.equal(true);\r\n        expect(res.body).to.be.an('object');\r\n        expect(res.body.message).to.have.string('Order created successfully');\r\n        expect(userPositionPost).not.to.be.null;\r\n        expect(userPositionPost?.inOrderBalance).to.equal(Big(userInOrder).plus(amount).toString())\r\n\r\n    });\r\n\r\n    it(`find created order in data base`, async () => {\r\n\r\n        let data = await OrderCreated.findOne({ signature: signatures[0] }).lean()! as ifOrderCreated;\r\n        expect(data).to.be.an('object');\r\n        expect(data.amount).to.equal(amount);\r\n        expect(data.maker).to.equal(user1.address.toLowerCase());\r\n        orderId = data.id\r\n    })\r\n\r\n\r\n    it(`user2 buy user1s 0.8 btc order`, async () => {\r\n        // balances\r\n        let user1BtcBalancePre = btc.balanceOf(user1.address);\r\n        let user2BtcBalancePre = btc.balanceOf(user2.address);\r\n        let user2UsdcBalancePre = usdc.balanceOf(user2.address);\r\n        let user1UsdcBalancePre = usdc.balanceOf(user1.address);\r\n        let promise = await Promise.all([user1BtcBalancePre, user2BtcBalancePre, user2UsdcBalancePre, user1UsdcBalancePre])\r\n        user1BtcBalancePre = promise[0].toString();\r\n        user2BtcBalancePre = promise[1].toString()\r\n        user2UsdcBalancePre = promise[2].toString()\r\n        user1UsdcBalancePre = promise[3].toString()\r\n\r\n        // inOrder Balance\r\n        let userPositionPre = await UserPosition.findOne({ token: btc.address.toLowerCase(), id: user1.address.toLowerCase() }).lean();\r\n\r\n        userInOrderPre = userPositionPre?.inOrderBalance ?? '0';\r\n\r\n        btcAmount = ethers.utils.parseEther(`0.8`).toString();\r\n\r\n        const exTxn = await exchange.connect(user2).executeLimitOrders(\r\n            [signatures[0]],\r\n            [orders[0]],\r\n            btcAmount,\r\n            { gasLimit: \"100000000\" }\r\n        );\r\n\r\n        await exTxn.wait(1)\r\n        let user1BtcBalancePost = btc.balanceOf(user1.address);\r\n        let user1UsdcBalancePost = usdc.balanceOf(user1.address);\r\n        let user2UsdcBalancePost = usdc.balanceOf(user2.address);\r\n        let user2BtcBalancePost = btc.balanceOf(user2.address);\r\n\r\n        let promise1 = await Promise.all([user1BtcBalancePost, user1UsdcBalancePost, user2UsdcBalancePost, user2BtcBalancePost]);\r\n        user1BtcBalancePost = promise1[0].toString();\r\n        user1UsdcBalancePost = promise1[1].toString();\r\n        user2UsdcBalancePost = promise1[2].toString();\r\n        user2BtcBalancePost = promise1[3].toString();\r\n\r\n        expect(user1BtcBalancePost).to.equal(parseEther(Big(user1BtcBalancePre).minus(btcAmount).toString()));\r\n        expect(user1UsdcBalancePost).to.equal(parseEther(\r\n            Big(user1UsdcBalancePre)\r\n                .plus(Big(btcAmount)\r\n                    .times(exchangeRate)\r\n                    .div(Big(10).pow(18))).toString()\r\n        ));\r\n        expect(user2BtcBalancePost).to.equal(parseEther(Big(user2BtcBalancePre).plus(btcAmount).toString()))\r\n        expect(user2UsdcBalancePost).to.equal(parseEther(\r\n            Big(user2UsdcBalancePre)\r\n                .minus(Big(btcAmount)\r\n                    .times(exchangeRate)\r\n                    .div(Big(10).pow(18))).toString()\r\n        ));\r\n\r\n\r\n        let wait = () => {\r\n            return new Promise((resolve, reject) => {\r\n\r\n                let timeOutId = setTimeout(() => {\r\n                    return resolve(\"Success\")\r\n                }, 60000)\r\n\r\n                socket.on(EVENT_NAME.PAIR_HISTORY, (data) => {\r\n                    clearTimeout(timeOutId)\r\n                    return resolve(\"Success\")\r\n                })\r\n            })\r\n        }\r\n\r\n        let res = await wait()\r\n        expect(res).to.equal(\"Success\")\r\n\r\n        await exTxn.wait(1).then(async (resp: any) => {\r\n\r\n            txnId = resp.transactionHash\r\n\r\n        })\r\n    });\r\n\r\n\r\n    it(`find executed Order, check inOrderBalance`, async () => {\r\n\r\n        let executeOrder = await OrderExecuted.findOne({ txnId: txnId, id: orderId }).lean();\r\n        let userPosition = await UserPosition.findOne({ id: user1.address.toLowerCase(), token: btc.address.toLowerCase() }).lean()\r\n        expect(executeOrder).not.to.be.null;\r\n        expect(executeOrder?.fillAmount).to.equal(btcAmount);\r\n        expect(executeOrder?.exchangeRate).to.equal(exchangeRate);\r\n        expect(userPosition).not.to.be.null;\r\n        expect(userPosition?.inOrderBalance).to.equal(Big(userInOrderPre).minus(btcAmount).toString())\r\n\r\n    })\r\n\r\n\r\n\r\n\r\n    it(`user1 cancell order 0.2 btc, check order, inOrderbalance `, async () => {\r\n\r\n        let userPositionPre = await UserPosition.findOne({ id: user1.address.toLowerCase(), token: btc.address.toLowerCase() }).lean()\r\n\r\n        let exTxn = await exchange.connect(user1).cancelOrder(\r\n            signatures[0],\r\n            orders[0],\r\n            { gasLimit: \"100000000\" }\r\n        )\r\n\r\n        await exTxn.wait(1);\r\n\r\n        let wait = () => {\r\n            return new Promise((resolve, reject) => {\r\n\r\n                let timeOutId = setTimeout(() => {\r\n                    return resolve(\"Success\")\r\n                }, 60000)\r\n\r\n                socket.on(EVENT_NAME.CANCEL_ORDER, (data) => {\r\n                    clearTimeout(timeOutId)\r\n                    return resolve(\"Success\")\r\n                })\r\n            })\r\n        }\r\n        let res = await wait()\r\n        expect(res).to.equal(\"Success\")\r\n        let order = await OrderCreated.findOne({ id: orderId }).lean();\r\n        let userPositionPost = await UserPosition.findOne({ id: user1.address.toLowerCase(), token: btc.address.toLowerCase() }).lean()\r\n        expect(order).to.be.an('object');\r\n        expect(order?.cancelled).to.equal(true);\r\n        expect(userPositionPost).to.be.an('object');\r\n        expect(userPositionPost?.inOrderBalance).to.equal(Big(userPositionPre?.inOrderBalance! as string).minus(Big(amount).minus(btcAmount)).toString());\r\n\r\n\r\n    })\r\n\r\n\r\n\r\n});\r\n\r\n\r\n\r\n\r\n\r\n"]},"_coverageSchema":"1a1c01bbd47fc00a2c39e90264f33305004495a9","hash":"ab3d447d14f8715393325b49a82d345cdd3ffdf0","contentHash":"bb9b3c0569547c57ac361226968ac37d2732aa109a9c3b83c2777ba5c6dc0b96"},"C:\\Users\\mubas\\Desktop\\chainscore\\backend\\zexe-arbitrum.01-ts\\src\\db.ts":{"path":"C:\\Users\\mubas\\Desktop\\chainscore\\backend\\zexe-arbitrum.01-ts\\src\\db.ts","statementMap":{"0":{"start":{"line":2,"column":16},"end":{"line":10,"column":1}},"1":{"start":{"line":3,"column":28},"end":{"line":3,"column":110}},"2":{"start":{"line":3,"column":91},"end":{"line":3,"column":106}},"3":{"start":{"line":4,"column":4},"end":{"line":9,"column":7}},"4":{"start":{"line":5,"column":36},"end":{"line":5,"column":97}},"5":{"start":{"line":5,"column":42},"end":{"line":5,"column":70}},"6":{"start":{"line":5,"column":85},"end":{"line":5,"column":95}},"7":{"start":{"line":6,"column":35},"end":{"line":6,"column":100}},"8":{"start":{"line":6,"column":41},"end":{"line":6,"column":73}},"9":{"start":{"line":6,"column":88},"end":{"line":6,"column":98}},"10":{"start":{"line":7,"column":32},"end":{"line":7,"column":116}},"11":{"start":{"line":8,"column":8},"end":{"line":8,"column":78}},"12":{"start":{"line":11,"column":22},"end":{"line":13,"column":1}},"13":{"start":{"line":12,"column":4},"end":{"line":12,"column":62}},"14":{"start":{"line":15,"column":0},"end":{"line":15,"column":62}},"15":{"start":{"line":16,"column":0},"end":{"line":16,"column":204}},"16":{"start":{"line":17,"column":19},"end":{"line":17,"column":55}},"17":{"start":{"line":18,"column":15},"end":{"line":18,"column":47}},"18":{"start":{"line":19,"column":0},"end":{"line":19,"column":185}},"19":{"start":{"line":20,"column":0},"end":{"line":20,"column":87}},"20":{"start":{"line":21,"column":15},"end":{"line":21,"column":57}},"21":{"start":{"line":22,"column":22},"end":{"line":22,"column":71}},"22":{"start":{"line":23,"column":23},"end":{"line":23,"column":73}},"23":{"start":{"line":24,"column":24},"end":{"line":24,"column":75}},"24":{"start":{"line":25,"column":16},"end":{"line":25,"column":59}},"25":{"start":{"line":26,"column":23},"end":{"line":26,"column":73}},"26":{"start":{"line":28,"column":27},"end":{"line":28,"column":97}},"27":{"start":{"line":29,"column":0},"end":{"line":29,"column":48}},"28":{"start":{"line":31,"column":13},"end":{"line":31,"column":61}},"29":{"start":{"line":32,"column":0},"end":{"line":32,"column":20}},"30":{"start":{"line":33,"column":20},"end":{"line":33,"column":82}},"31":{"start":{"line":34,"column":0},"end":{"line":34,"column":34}},"32":{"start":{"line":35,"column":21},"end":{"line":35,"column":85}},"33":{"start":{"line":36,"column":0},"end":{"line":36,"column":36}},"34":{"start":{"line":37,"column":22},"end":{"line":37,"column":88}},"35":{"start":{"line":38,"column":0},"end":{"line":38,"column":38}},"36":{"start":{"line":39,"column":14},"end":{"line":39,"column":64}},"37":{"start":{"line":40,"column":0},"end":{"line":40,"column":22}},"38":{"start":{"line":41,"column":21},"end":{"line":41,"column":85}},"39":{"start":{"line":42,"column":0},"end":{"line":42,"column":36}},"40":{"start":{"line":45,"column":4},"end":{"line":54,"column":7}},"41":{"start":{"line":46,"column":8},"end":{"line":52,"column":11}},"42":{"start":{"line":48,"column":12},"end":{"line":48,"column":48}},"43":{"start":{"line":51,"column":12},"end":{"line":51,"column":29}},"44":{"start":{"line":53,"column":8},"end":{"line":53,"column":33}},"45":{"start":{"line":56,"column":0},"end":{"line":56,"column":26}}},"fnMap":{"0":{"name":"(anonymous_0)","decl":{"start":{"line":2,"column":44},"end":{"line":2,"column":45}},"loc":{"start":{"line":2,"column":89},"end":{"line":10,"column":1}},"line":2},"1":{"name":"adopt","decl":{"start":{"line":3,"column":13},"end":{"line":3,"column":18}},"loc":{"start":{"line":3,"column":26},"end":{"line":3,"column":112}},"line":3},"2":{"name":"(anonymous_2)","decl":{"start":{"line":3,"column":70},"end":{"line":3,"column":71}},"loc":{"start":{"line":3,"column":89},"end":{"line":3,"column":108}},"line":3},"3":{"name":"(anonymous_3)","decl":{"start":{"line":4,"column":36},"end":{"line":4,"column":37}},"loc":{"start":{"line":4,"column":63},"end":{"line":9,"column":5}},"line":4},"4":{"name":"fulfilled","decl":{"start":{"line":5,"column":17},"end":{"line":5,"column":26}},"loc":{"start":{"line":5,"column":34},"end":{"line":5,"column":99}},"line":5},"5":{"name":"rejected","decl":{"start":{"line":6,"column":17},"end":{"line":6,"column":25}},"loc":{"start":{"line":6,"column":33},"end":{"line":6,"column":102}},"line":6},"6":{"name":"step","decl":{"start":{"line":7,"column":17},"end":{"line":7,"column":21}},"loc":{"start":{"line":7,"column":30},"end":{"line":7,"column":118}},"line":7},"7":{"name":"(anonymous_7)","decl":{"start":{"line":11,"column":56},"end":{"line":11,"column":57}},"loc":{"start":{"line":11,"column":71},"end":{"line":13,"column":1}},"line":11},"8":{"name":"connect","decl":{"start":{"line":44,"column":9},"end":{"line":44,"column":16}},"loc":{"start":{"line":44,"column":19},"end":{"line":55,"column":1}},"line":44},"9":{"name":"(anonymous_9)","decl":{"start":{"line":45,"column":43},"end":{"line":45,"column":44}},"loc":{"start":{"line":45,"column":56},"end":{"line":54,"column":5}},"line":45},"10":{"name":"(anonymous_10)","decl":{"start":{"line":47,"column":18},"end":{"line":47,"column":19}},"loc":{"start":{"line":47,"column":24},"end":{"line":49,"column":9}},"line":47},"11":{"name":"(anonymous_11)","decl":{"start":{"line":50,"column":19},"end":{"line":50,"column":20}},"loc":{"start":{"line":50,"column":26},"end":{"line":52,"column":9}},"line":50}},"branchMap":{"0":{"loc":{"start":{"line":2,"column":16},"end":{"line":10,"column":1}},"type":"binary-expr","locations":[{"start":{"line":2,"column":17},"end":{"line":2,"column":21}},{"start":{"line":2,"column":25},"end":{"line":2,"column":39}},{"start":{"line":2,"column":44},"end":{"line":10,"column":1}}],"line":2},"1":{"loc":{"start":{"line":3,"column":35},"end":{"line":3,"column":109}},"type":"cond-expr","locations":[{"start":{"line":3,"column":56},"end":{"line":3,"column":61}},{"start":{"line":3,"column":64},"end":{"line":3,"column":109}}],"line":3},"2":{"loc":{"start":{"line":4,"column":16},"end":{"line":4,"column":34}},"type":"binary-expr","locations":[{"start":{"line":4,"column":16},"end":{"line":4,"column":17}},{"start":{"line":4,"column":22},"end":{"line":4,"column":33}}],"line":4},"3":{"loc":{"start":{"line":7,"column":32},"end":{"line":7,"column":115}},"type":"cond-expr","locations":[{"start":{"line":7,"column":46},"end":{"line":7,"column":67}},{"start":{"line":7,"column":70},"end":{"line":7,"column":115}}],"line":7},"4":{"loc":{"start":{"line":8,"column":51},"end":{"line":8,"column":67}},"type":"binary-expr","locations":[{"start":{"line":8,"column":51},"end":{"line":8,"column":61}},{"start":{"line":8,"column":65},"end":{"line":8,"column":67}}],"line":8},"5":{"loc":{"start":{"line":11,"column":22},"end":{"line":13,"column":1}},"type":"binary-expr","locations":[{"start":{"line":11,"column":23},"end":{"line":11,"column":27}},{"start":{"line":11,"column":31},"end":{"line":11,"column":51}},{"start":{"line":11,"column":56},"end":{"line":13,"column":1}}],"line":11},"6":{"loc":{"start":{"line":12,"column":11},"end":{"line":12,"column":61}},"type":"cond-expr","locations":[{"start":{"line":12,"column":37},"end":{"line":12,"column":40}},{"start":{"line":12,"column":43},"end":{"line":12,"column":61}}],"line":12},"7":{"loc":{"start":{"line":12,"column":12},"end":{"line":12,"column":33}},"type":"binary-expr","locations":[{"start":{"line":12,"column":12},"end":{"line":12,"column":15}},{"start":{"line":12,"column":19},"end":{"line":12,"column":33}}],"line":12},"8":{"loc":{"start":{"line":19,"column":71},"end":{"line":19,"column":180}},"type":"cond-expr","locations":[{"start":{"line":19,"column":160},"end":{"line":19,"column":171}},{"start":{"line":19,"column":174},"end":{"line":19,"column":180}}],"line":19},"9":{"loc":{"start":{"line":19,"column":72},"end":{"line":19,"column":156}},"type":"cond-expr","locations":[{"start":{"line":19,"column":128},"end":{"line":19,"column":134}},{"start":{"line":19,"column":137},"end":{"line":19,"column":156}}],"line":19},"10":{"loc":{"start":{"line":19,"column":72},"end":{"line":19,"column":125}},"type":"binary-expr","locations":[{"start":{"line":19,"column":72},"end":{"line":19,"column":108}},{"start":{"line":19,"column":112},"end":{"line":19,"column":125}}],"line":19}},"s":{"0":1,"1":0,"2":0,"3":1,"4":0,"5":0,"6":0,"7":0,"8":0,"9":0,"10":1,"11":1,"12":1,"13":8,"14":1,"15":1,"16":1,"17":1,"18":1,"19":1,"20":1,"21":1,"22":1,"23":1,"24":1,"25":1,"26":1,"27":1,"28":1,"29":1,"30":1,"31":1,"32":1,"33":1,"34":1,"35":1,"36":1,"37":1,"38":1,"39":1,"40":1,"41":1,"42":1,"43":0,"44":1,"45":1},"f":{"0":1,"1":0,"2":0,"3":1,"4":0,"5":0,"6":1,"7":8,"8":1,"9":1,"10":1,"11":0},"b":{"0":[1,1,1],"1":[0,0],"2":[1,1],"3":[1,0],"4":[1,1],"5":[1,1,1],"6":[6,2],"7":[8,8],"8":[1,0],"9":[0,1],"10":[1,1]},"inputSourceMap":{"version":3,"file":"C:/Users/mubas/Desktop/chainscore/backend/zexe-arbitrum.01-ts/src/db.ts","sources":["C:/Users/mubas/Desktop/chainscore/backend/zexe-arbitrum.01-ts/src/db.ts"],"names":[],"mappings":";;;;;;;;;;;;;;;;AAAA,wDAAgC;AAEhC,gDAAwB;AAExB,OAAO,CAAC,QAAQ,CAAC,CAAC,MAAM,CAAC,EAAC,IAAI,EAAE,cAAI,CAAC,OAAO,CAAC,OAAO,CAAC,GAAG,EAAE,EAAE,CAAA,MAAA,OAAO,CAAC,GAAG,CAAC,QAAQ,0CAAE,QAAQ,CAAC,MAAM,CAAC,EAAA,CAAC,CAAC,WAAW,CAAC,CAAC,CAAC,MAAM,CAAC,EAAC,CAAC,CAAC;AAK/G,QAAA,gBAAgB,GAAG,kBAAQ,CAAC,gBAAgB,CAAC,OAAO,CAAC,GAAG,CAAC,UAAqB,CAAC,CAAC;AAE7F,0DAAwC;AACxC,wEAAsD;AACtD,0EAAwD;AACxD,4EAA0D;AAC1D,4DAA0C;AAC1C,0EAAwD;AACxD,0EAA0E;AAG1E,MAAM,kBAAkB,GAAQ,wBAAgB,CAAC,KAAK,CAAC,cAAc,EAAE,sBAAkB,CAAC,CAAC;AA+BJ,gDAAkB;AA9BzG,2GAA2G;AAC3G,MAAM,IAAI,GAAG,kBAAQ,CAAC,KAAK,CAAC,MAAM,EAAE,cAAU,CAAC,CAAC;AA6BvC,oBAAI;AA5Bb,MAAM,WAAW,GAAG,kBAAQ,CAAC,KAAK,CAAC,aAAa,EAAE,qBAAiB,CAAC,CAAC;AA4B7C,kCAAW;AA3BnC,MAAM,YAAY,GAAG,kBAAQ,CAAC,KAAK,CAAC,cAAc,EAAE,sBAAkB,CAAC,CAAC;AA2BnC,oCAAY;AA1BjD,MAAM,aAAa,GAAG,kBAAQ,CAAC,KAAK,CAAC,eAAe,EAAE,uBAAmB,CAAC,CAAC;AA0BxB,sCAAa;AAzBhE,MAAM,KAAK,GAAG,kBAAQ,CAAC,KAAK,CAAC,OAAO,EAAE,eAAW,CAAC,CAAC;AAyBe,sBAAK;AAxBvE,MAAM,YAAY,GAAG,kBAAQ,CAAC,KAAK,CAAC,cAAc,EAAE,sBAAkB,CAAC,CAAC;AAwBC,oCAAY;AAvBrF,4FAA4F;AAK5F,SAAe,OAAO;;QAElB,kBAAQ,CAAC,OAAO,CAAC,OAAO,CAAC,GAAG,CAAC,SAAoB,CAAC;aAC7C,IAAI,CAAC,GAAG,EAAE;YACP,OAAO,CAAC,GAAG,CAAC,sBAAsB,CAAC,CAAA;QACvC,CAAC,CAAC;aACD,KAAK,CAAC,GAAG,CAAC,EAAE;YACT,OAAO,CAAC,GAAG,CAAC,GAAG,CAAC,CAAA;QACpB,CAAC,CACA,CAAC;QACN,wBAAgB,CAAA;IACpB,CAAC;CAAA;AAOc,0BAAO","sourcesContent":["import mongoose from \"mongoose\";\r\n\r\nimport path from 'path';\r\n\r\nrequire(\"dotenv\").config({path: path.resolve(process.cwd(), process.env.NODE_ENV?.includes('test')? \".env.test\" : \".env\")});\r\n\r\n\r\n\r\n\r\nexport const backupConnection = mongoose.createConnection(process.env.MONGO_URL1! as string);\r\n\r\nimport SyncSchema from \"./schemas/Sync\";\r\nimport PairCreatedSchema from \"./schemas/PairCreated\";\r\nimport OrderCreatedSchema from \"./schemas/OrderCreated\";\r\nimport OrderExecutedSchema from \"./schemas/OrderExecuted\";\r\nimport TokenSchema from \"./schemas/Token\";\r\nimport UserPositionSchema from \"./schemas/UserPosition\";\r\n// import { MarginOrderCreatedSchema } from \"./schemas/MarginOrderCreated\"\r\n\r\n\r\nconst OrderCreatedBackup: any = backupConnection.model(\"OrderCreated\", OrderCreatedSchema);\r\n// const MarginOrderCreatedBackup = backupConnection.model(\"MarginOrderCreated\", MarginOrderCreatedSchema);\r\nconst Sync = mongoose.model(\"Sync\", SyncSchema);\r\nconst PairCreated = mongoose.model(\"PairCreated\", PairCreatedSchema);\r\nconst OrderCreated = mongoose.model(\"OrderCreated\", OrderCreatedSchema);\r\nconst OrderExecuted = mongoose.model(\"OrderExecuted\", OrderExecutedSchema);\r\nconst Token = mongoose.model(\"Token\", TokenSchema);\r\nconst UserPosition = mongoose.model(\"UserPosition\", UserPositionSchema);\r\n// const MarginOrderCreated = mongoose.model(\"MarginOrderCreated\", MarginOrderCreatedSchema)\r\n\r\n\r\n\r\n\r\nasync function connect() {\r\n\r\n    mongoose.connect(process.env.MONGO_URL! as string)\r\n        .then(() => {\r\n            console.log(\"MongoDb is connected\")\r\n        })\r\n        .catch(err => {\r\n            console.log(err)\r\n        }\r\n        );\r\n    backupConnection\r\n}\r\n\r\n\r\n\r\n\r\n\r\n\r\nexport { Sync, connect, PairCreated, OrderCreated, OrderExecuted, Token, UserPosition, OrderCreatedBackup };\r\n"]},"_coverageSchema":"1a1c01bbd47fc00a2c39e90264f33305004495a9","hash":"b6f442a61bbafc91605b95e5e27ba8a83542af2e","contentHash":"e90390be42dfb9cc27cabec5925bbce5f5ad068006622005538ea4d2c504b5f5"},"C:\\Users\\mubas\\Desktop\\chainscore\\backend\\zexe-arbitrum.01-ts\\src\\schemas\\Sync.ts":{"path":"C:\\Users\\mubas\\Desktop\\chainscore\\backend\\zexe-arbitrum.01-ts\\src\\schemas\\Sync.ts","statementMap":{"0":{"start":{"line":2,"column":22},"end":{"line":4,"column":1}},"1":{"start":{"line":3,"column":4},"end":{"line":3,"column":62}},"2":{"start":{"line":5,"column":0},"end":{"line":5,"column":62}},"3":{"start":{"line":6,"column":19},"end":{"line":6,"column":55}},"4":{"start":{"line":7,"column":27},"end":{"line":11,"column":24}},"5":{"start":{"line":12,"column":0},"end":{"line":12,"column":37}}},"fnMap":{"0":{"name":"(anonymous_0)","decl":{"start":{"line":2,"column":56},"end":{"line":2,"column":57}},"loc":{"start":{"line":2,"column":71},"end":{"line":4,"column":1}},"line":2}},"branchMap":{"0":{"loc":{"start":{"line":2,"column":22},"end":{"line":4,"column":1}},"type":"binary-expr","locations":[{"start":{"line":2,"column":23},"end":{"line":2,"column":27}},{"start":{"line":2,"column":31},"end":{"line":2,"column":51}},{"start":{"line":2,"column":56},"end":{"line":4,"column":1}}],"line":2},"1":{"loc":{"start":{"line":3,"column":11},"end":{"line":3,"column":61}},"type":"cond-expr","locations":[{"start":{"line":3,"column":37},"end":{"line":3,"column":40}},{"start":{"line":3,"column":43},"end":{"line":3,"column":61}}],"line":3},"2":{"loc":{"start":{"line":3,"column":12},"end":{"line":3,"column":33}},"type":"binary-expr","locations":[{"start":{"line":3,"column":12},"end":{"line":3,"column":15}},{"start":{"line":3,"column":19},"end":{"line":3,"column":33}}],"line":3}},"s":{"0":1,"1":1,"2":1,"3":1,"4":1,"5":1},"f":{"0":1},"b":{"0":[1,1,1],"1":[0,1],"2":[1,1]},"inputSourceMap":{"version":3,"file":"C:/Users/mubas/Desktop/chainscore/backend/zexe-arbitrum.01-ts/src/schemas/Sync.ts","sources":["C:/Users/mubas/Desktop/chainscore/backend/zexe-arbitrum.01-ts/src/schemas/Sync.ts"],"names":[],"mappings":";;;;;AAAA,wDAAgC;AAEhC,MAAM,kBAAkB,GAAG,IAAI,kBAAQ,CAAC,MAAM,CAAC;IAE3C,mBAAmB,EAAE,MAAM;IAC3B,kBAAkB,EAAE,MAAM;IAC1B,OAAO,EAAE,MAAM;CAElB,EACG,EAAE,UAAU,EAAE,IAAI,EAAE,CACvB,CAAC;AAEF,kBAAe,kBAAkB,CAAC","sourcesContent":["import mongoose from \"mongoose\";\r\n\r\nconst exchangeSyncSchema = new mongoose.Schema({\r\n\r\n    blockNumberExchange: Number,\r\n    pageNumberExchange: Number,\r\n    chainId: String\r\n\r\n},\r\n    { timestamps: true }\r\n);\r\n\r\nexport default exchangeSyncSchema;"]},"_coverageSchema":"1a1c01bbd47fc00a2c39e90264f33305004495a9","hash":"689f7f2d45dd5e9cf2792c5b6cf45fc972fecb09","contentHash":"8728e1df2a2d5e5ed38c156bf8f1f5438644fd1a74dab101ff328f9aa964f4a9"},"C:\\Users\\mubas\\Desktop\\chainscore\\backend\\zexe-arbitrum.01-ts\\src\\schemas\\PairCreated.ts":{"path":"C:\\Users\\mubas\\Desktop\\chainscore\\backend\\zexe-arbitrum.01-ts\\src\\schemas\\PairCreated.ts","statementMap":{"0":{"start":{"line":2,"column":22},"end":{"line":4,"column":1}},"1":{"start":{"line":3,"column":4},"end":{"line":3,"column":62}},"2":{"start":{"line":5,"column":0},"end":{"line":5,"column":62}},"3":{"start":{"line":6,"column":19},"end":{"line":6,"column":55}},"4":{"start":{"line":7,"column":26},"end":{"line":18,"column":24}},"5":{"start":{"line":19,"column":0},"end":{"line":19,"column":36}}},"fnMap":{"0":{"name":"(anonymous_0)","decl":{"start":{"line":2,"column":56},"end":{"line":2,"column":57}},"loc":{"start":{"line":2,"column":71},"end":{"line":4,"column":1}},"line":2}},"branchMap":{"0":{"loc":{"start":{"line":2,"column":22},"end":{"line":4,"column":1}},"type":"binary-expr","locations":[{"start":{"line":2,"column":23},"end":{"line":2,"column":27}},{"start":{"line":2,"column":31},"end":{"line":2,"column":51}},{"start":{"line":2,"column":56},"end":{"line":4,"column":1}}],"line":2},"1":{"loc":{"start":{"line":3,"column":11},"end":{"line":3,"column":61}},"type":"cond-expr","locations":[{"start":{"line":3,"column":37},"end":{"line":3,"column":40}},{"start":{"line":3,"column":43},"end":{"line":3,"column":61}}],"line":3},"2":{"loc":{"start":{"line":3,"column":12},"end":{"line":3,"column":33}},"type":"binary-expr","locations":[{"start":{"line":3,"column":12},"end":{"line":3,"column":15}},{"start":{"line":3,"column":19},"end":{"line":3,"column":33}}],"line":3}},"s":{"0":1,"1":1,"2":1,"3":1,"4":1,"5":1},"f":{"0":1},"b":{"0":[1,1,1],"1":[0,1],"2":[1,1]},"inputSourceMap":{"version":3,"file":"C:/Users/mubas/Desktop/chainscore/backend/zexe-arbitrum.01-ts/src/schemas/PairCreated.ts","sources":["C:/Users/mubas/Desktop/chainscore/backend/zexe-arbitrum.01-ts/src/schemas/PairCreated.ts"],"names":[],"mappings":";;;;;AAAA,wDAAgC;AAEhC,MAAM,iBAAiB,GAAG,IAAI,kBAAQ,CAAC,MAAM,CAAC;IAC1C,EAAE,EAAE,EAAE,IAAI,EAAE,MAAM,EAAE,QAAQ,EAAE,IAAI,EAAE,IAAI,EAAE,IAAI,EAAE;IAChD,MAAM,EAAE,EAAE,IAAI,EAAE,MAAM,EAAE,QAAQ,EAAE,IAAI,EAAE,IAAI,EAAE,IAAI,EAAE;IACpD,MAAM,EAAE,EAAE,IAAI,EAAE,MAAM,EAAE,QAAQ,EAAE,IAAI,EAAE,IAAI,EAAE,IAAI,EAAE;IACpD,oBAAoB,EAAE,EAAE,IAAI,EAAE,MAAM,EAAE,QAAQ,EAAE,IAAI,EAAE;IACtD,cAAc,EAAE,EAAE,IAAI,EAAE,MAAM,EAAE,QAAQ,EAAE,IAAI,EAAE;IAChD,YAAY,EAAE,EAAE,IAAI,EAAE,MAAM,EAAE,QAAQ,EAAE,IAAI,EAAE;IAC9C,SAAS,EAAE,MAAM;IACjB,OAAO,EAAE,MAAM;IACf,MAAM,EAAE,MAAM;IACd,aAAa,EAAE,EAAC,IAAI,EAAE,OAAO,EAAE,OAAO,EAAE,KAAK,EAAC;CAEjD,EACG,EAAE,UAAU,EAAE,IAAI,EAAE,CACvB,CAAC;AAGF,kBAAe,iBAAiB,CAAC","sourcesContent":["import mongoose from \"mongoose\";\r\n\r\nconst PairCreatedSchema = new mongoose.Schema({\r\n    id: { type: String, required: true, trim: true },\r\n    token0: { type: String, required: true, trim: true },\r\n    token1: { type: String, required: true, trim: true },\r\n    exchangeRateDecimals: { type: String, required: true },\r\n    minToken0Order: { type: String, required: true },\r\n    exchangeRate: { type: String, required: true },\r\n    priceDiff: String,\r\n    chainId: String,\r\n    symbol: String,\r\n    marginEnabled: {type: Boolean, default: false}\r\n\r\n},\r\n    { timestamps: true }\r\n);\r\n\r\n\r\nexport default PairCreatedSchema;"]},"_coverageSchema":"1a1c01bbd47fc00a2c39e90264f33305004495a9","hash":"a5da90ad8d42093e95c0eba5fd4ecf7a813ccfd1","contentHash":"bfb26e06b4973a57bef250dc70ee5e2d4128989b883e1b91352235f4ce5d771f"},"C:\\Users\\mubas\\Desktop\\chainscore\\backend\\zexe-arbitrum.01-ts\\src\\schemas\\OrderCreated.ts":{"path":"C:\\Users\\mubas\\Desktop\\chainscore\\backend\\zexe-arbitrum.01-ts\\src\\schemas\\OrderCreated.ts","statementMap":{"0":{"start":{"line":2,"column":22},"end":{"line":4,"column":1}},"1":{"start":{"line":3,"column":4},"end":{"line":3,"column":62}},"2":{"start":{"line":5,"column":0},"end":{"line":5,"column":62}},"3":{"start":{"line":6,"column":19},"end":{"line":6,"column":55}},"4":{"start":{"line":7,"column":27},"end":{"line":27,"column":24}},"5":{"start":{"line":28,"column":0},"end":{"line":28,"column":37}}},"fnMap":{"0":{"name":"(anonymous_0)","decl":{"start":{"line":2,"column":56},"end":{"line":2,"column":57}},"loc":{"start":{"line":2,"column":71},"end":{"line":4,"column":1}},"line":2}},"branchMap":{"0":{"loc":{"start":{"line":2,"column":22},"end":{"line":4,"column":1}},"type":"binary-expr","locations":[{"start":{"line":2,"column":23},"end":{"line":2,"column":27}},{"start":{"line":2,"column":31},"end":{"line":2,"column":51}},{"start":{"line":2,"column":56},"end":{"line":4,"column":1}}],"line":2},"1":{"loc":{"start":{"line":3,"column":11},"end":{"line":3,"column":61}},"type":"cond-expr","locations":[{"start":{"line":3,"column":37},"end":{"line":3,"column":40}},{"start":{"line":3,"column":43},"end":{"line":3,"column":61}}],"line":3},"2":{"loc":{"start":{"line":3,"column":12},"end":{"line":3,"column":33}},"type":"binary-expr","locations":[{"start":{"line":3,"column":12},"end":{"line":3,"column":15}},{"start":{"line":3,"column":19},"end":{"line":3,"column":33}}],"line":3}},"s":{"0":1,"1":1,"2":1,"3":1,"4":1,"5":1},"f":{"0":1},"b":{"0":[1,1,1],"1":[0,1],"2":[1,1]},"inputSourceMap":{"version":3,"file":"C:/Users/mubas/Desktop/chainscore/backend/zexe-arbitrum.01-ts/src/schemas/OrderCreated.ts","sources":["C:/Users/mubas/Desktop/chainscore/backend/zexe-arbitrum.01-ts/src/schemas/OrderCreated.ts"],"names":[],"mappings":";;;;;AAAA,wDAAgC;AAEhC,MAAM,kBAAkB,GAAG,IAAI,kBAAQ,CAAC,MAAM,CAAC;IAC3C,EAAE,EAAE,EAAE,IAAI,EAAE,MAAM,EAAE,QAAQ,EAAE,IAAI,EAAE,IAAI,EAAE,IAAI,EAAE;IAChD,SAAS,EAAE,EAAE,IAAI,EAAE,MAAM,EAAE,QAAQ,EAAE,IAAI,EAAE,IAAI,EAAE,IAAI,EAAE;IACvD,IAAI,EAAE,EAAE,IAAI,EAAE,MAAM,EAAE,QAAQ,EAAE,IAAI,EAAE,IAAI,EAAE,IAAI,EAAE;IAClD,KAAK,EAAE,EAAE,IAAI,EAAE,MAAM,EAAE,QAAQ,EAAE,IAAI,EAAE,IAAI,EAAE,IAAI,EAAE;IACnD,MAAM,EAAE,EAAE,IAAI,EAAE,MAAM,EAAE,QAAQ,EAAE,IAAI,EAAE,IAAI,EAAE,IAAI,EAAE;IACpD,MAAM,EAAE,EAAE,IAAI,EAAE,MAAM,EAAE,QAAQ,EAAE,IAAI,EAAE,IAAI,EAAE,IAAI,EAAE;IACpD,IAAI,EAAE,EAAE,IAAI,EAAE,MAAM,EAAE,QAAQ,EAAE,IAAI,EAAE,IAAI,EAAE,IAAI,EAAE;IAClD,MAAM,EAAE,EAAE,IAAI,EAAE,MAAM,EAAE,QAAQ,EAAE,IAAI,EAAE,IAAI,EAAE,IAAI,EAAE;IACpD,YAAY,EAAE,EAAE,IAAI,EAAE,MAAM,EAAE,QAAQ,EAAE,IAAI,EAAE,IAAI,EAAE,IAAI,EAAE;IAC1D,oBAAoB,EAAE,EAAE,IAAI,EAAE,MAAM,EAAE,QAAQ,EAAE,IAAI,EAAE,IAAI,EAAE,IAAI,EAAE;IAClE,aAAa,EAAE,EAAE,IAAI,EAAE,MAAM,EAAE,QAAQ,EAAE,IAAI,EAAE,IAAI,EAAE,IAAI,EAAE;IAC3D,OAAO,EAAE,EAAE,IAAI,EAAE,OAAO,EAAE,QAAQ,EAAE,IAAI,EAAE;IAC1C,MAAM,EAAE,EAAE,IAAI,EAAE,OAAO,EAAE,QAAQ,EAAE,IAAI,EAAE;IACzC,OAAO,EAAE,MAAM;IACf,GAAG,EAAE,MAAM;IACX,SAAS,EAAE,EAAE,IAAI,EAAE,OAAO,EAAE,OAAO,EAAE,KAAK,EAAE;IAC5C,SAAS,EAAE,EAAC,IAAI,EAAC,MAAM,EAAE,OAAO,EAAE,IAAI,EAAC;IACvC,WAAW,EAAE,EAAC,IAAI,EAAC,MAAM,EAAE,OAAO,EAAE,GAAG,EAAC;IACxC,KAAK,EAAE,EAAC,IAAI,EAAC,MAAM,EAAE,OAAO,EAAE,GAAG,EAAC;CAErC,EACG,EAAE,UAAU,EAAE,IAAI,EAAE,CACvB,CAAC;AAGF,kBAAe,kBAAkB,CAAC","sourcesContent":["import mongoose from \"mongoose\";\r\n\r\nconst OrderCreatedSchema = new mongoose.Schema({\r\n    id: { type: String, required: true, trim: true },\r\n    signature: { type: String, required: true, trim: true },\r\n    pair: { type: String, required: true, trim: true },\r\n    maker: { type: String, required: true, trim: true },\r\n    token0: { type: String, required: true, trim: true },\r\n    token1: { type: String, required: true, trim: true },\r\n    salt: { type: String, required: true, trim: true },\r\n    amount: { type: String, required: true, trim: true },\r\n    exchangeRate: { type: String, required: true, trim: true },\r\n    exchangeRateDecimals: { type: String, required: true, trim: true },\r\n    balanceAmount: { type: String, required: true, trim: true },\r\n    deleted: { type: Boolean, required: true },\r\n    active: { type: Boolean, required: true },\r\n    chainId: String,\r\n    cid: String,\r\n    cancelled: { type: Boolean, default: false },\r\n    orderType: {type:Number, require: true},\r\n    borrowLimit: {type:String, default: '0'},\r\n    loops: {type:String, default: '0'},\r\n    \r\n},\r\n    { timestamps: true }\r\n);\r\n\r\n\r\nexport default OrderCreatedSchema;"]},"_coverageSchema":"1a1c01bbd47fc00a2c39e90264f33305004495a9","hash":"2493fb658565dbdddebf2a7fefd5283f8662804d","contentHash":"22d1e4c6cd8f02f23e173ff455d9257688864a2e18ef2afcfc4cad298d950f3e"},"C:\\Users\\mubas\\Desktop\\chainscore\\backend\\zexe-arbitrum.01-ts\\src\\schemas\\OrderExecuted.ts":{"path":"C:\\Users\\mubas\\Desktop\\chainscore\\backend\\zexe-arbitrum.01-ts\\src\\schemas\\OrderExecuted.ts","statementMap":{"0":{"start":{"line":2,"column":22},"end":{"line":4,"column":1}},"1":{"start":{"line":3,"column":4},"end":{"line":3,"column":62}},"2":{"start":{"line":5,"column":0},"end":{"line":5,"column":62}},"3":{"start":{"line":6,"column":19},"end":{"line":6,"column":55}},"4":{"start":{"line":7,"column":28},"end":{"line":20,"column":24}},"5":{"start":{"line":21,"column":0},"end":{"line":21,"column":38}}},"fnMap":{"0":{"name":"(anonymous_0)","decl":{"start":{"line":2,"column":56},"end":{"line":2,"column":57}},"loc":{"start":{"line":2,"column":71},"end":{"line":4,"column":1}},"line":2}},"branchMap":{"0":{"loc":{"start":{"line":2,"column":22},"end":{"line":4,"column":1}},"type":"binary-expr","locations":[{"start":{"line":2,"column":23},"end":{"line":2,"column":27}},{"start":{"line":2,"column":31},"end":{"line":2,"column":51}},{"start":{"line":2,"column":56},"end":{"line":4,"column":1}}],"line":2},"1":{"loc":{"start":{"line":3,"column":11},"end":{"line":3,"column":61}},"type":"cond-expr","locations":[{"start":{"line":3,"column":37},"end":{"line":3,"column":40}},{"start":{"line":3,"column":43},"end":{"line":3,"column":61}}],"line":3},"2":{"loc":{"start":{"line":3,"column":12},"end":{"line":3,"column":33}},"type":"binary-expr","locations":[{"start":{"line":3,"column":12},"end":{"line":3,"column":15}},{"start":{"line":3,"column":19},"end":{"line":3,"column":33}}],"line":3}},"s":{"0":1,"1":1,"2":1,"3":1,"4":1,"5":1},"f":{"0":1},"b":{"0":[1,1,1],"1":[0,1],"2":[1,1]},"inputSourceMap":{"version":3,"file":"C:/Users/mubas/Desktop/chainscore/backend/zexe-arbitrum.01-ts/src/schemas/OrderExecuted.ts","sources":["C:/Users/mubas/Desktop/chainscore/backend/zexe-arbitrum.01-ts/src/schemas/OrderExecuted.ts"],"names":[],"mappings":";;;;;AAAA,wDAAgC;AAEhC,MAAM,mBAAmB,GAAG,IAAI,kBAAQ,CAAC,MAAM,CAAC;IAC5C,KAAK,EAAE,EAAE,IAAI,EAAE,MAAM,EAAE,QAAQ,EAAE,IAAI,EAAE;IACvC,WAAW,EAAE,EAAE,IAAI,EAAE,MAAM,EAAE,QAAQ,EAAE,IAAI,EAAE;IAC7C,cAAc,EAAE,EAAE,IAAI,EAAE,MAAM,EAAE,QAAQ,EAAE,IAAI,EAAE;IAChD,EAAE,EAAE,EAAE,IAAI,EAAE,MAAM,EAAE,QAAQ,EAAE,IAAI,EAAE,IAAI,EAAE,IAAI,EAAE;IAChD,KAAK,EAAE,EAAE,IAAI,EAAE,MAAM,EAAE,QAAQ,EAAE,IAAI,EAAE,IAAI,EAAE,IAAI,EAAE;IACnD,UAAU,EAAE,EAAE,IAAI,EAAE,MAAM,EAAE,QAAQ,EAAE,IAAI,EAAE,IAAI,EAAE,IAAI,EAAE;IACxD,IAAI,EAAE,EAAE,IAAI,EAAE,MAAM,EAAE,QAAQ,EAAE,IAAI,EAAE,IAAI,EAAE,IAAI,EAAE;IAClD,YAAY,EAAE,EAAE,IAAI,EAAE,MAAM,EAAE,QAAQ,EAAE,IAAI,EAAE,IAAI,EAAE,IAAI,EAAE;IAC1D,oBAAoB,EAAE,EAAE,IAAI,EAAE,MAAM,EAAE,QAAQ,EAAE,IAAI,EAAE,IAAI,EAAE,IAAI,EAAE;IAClE,SAAS,EAAE,EAAC,IAAI,EAAC,MAAM,EAAE,OAAO,EAAE,IAAI,EAAC;IACvC,OAAO,EAAE,MAAM;IACf,QAAQ,EAAE,M
[...]
        btc.connect(user1).approve(exchange.address, ethers.constants.MaxUint256),\r\n            usdc.connect(user2).approve(exchange.address, ethers.constants.MaxUint256),\r\n        ])\r\n    })\r\n\r\n\r\n\r\n    it(`user1 create margin order 1 btc @ 20000}`, async () => {\r\n        const domain = {\r\n            name: \"zexe\",\r\n            version: \"1\",\r\n            chainId: chainId.toString(),\r\n            verifyingContract: getExchangeAddress(chainId),\r\n        };\r\n\r\n        // The named list of all type definitions\r\n        const types = {\r\n            Order: [\r\n                { name: 'maker', type: 'address' },\r\n                { name: 'token0', type: 'address' },\r\n                { name: 'token1', type: 'address' },\r\n                { name: 'amount', type: 'uint256' },\r\n                { name: 'orderType', type: 'uint8' },\r\n                { name: 'salt', type: 'uint32' },\r\n                { name: 'exchangeRate', type: 'uint176' },\r\n                { name: 'borrowLimit', type: 'uint32' },\r\n                { name: 'loops', type: 'uint8' }\r\n            ]\r\n        };\r\n\r\n        const value = {\r\n            maker: user1.address.toLowerCase(),\r\n            token0: btc.address.toLowerCase(),\r\n            token1: usdc.address.toLowerCase(),\r\n            amount: amount,\r\n            orderType: orderType,\r\n            salt: salt,\r\n            exchangeRate: exchangeRate,\r\n            borrowLimit: Big(0.75).times(Big(10).pow(6)).toNumber(),\r\n            loops: loops\r\n        };\r\n        // The data to sign\r\n\r\n\r\n        orders.push(value);\r\n        // sign typed data\r\n        const storedSignature = await user1._signTypedData(\r\n            domain,\r\n            types,\r\n            value\r\n        );\r\n        signatures.push(storedSignature);\r\n        // console.log([\r\n        //     value, storedSignature\r\n        // ]);\r\n        let res = await request(\"http://localhost:3010\")\r\n            .post(\"/order/create\")\r\n            .send(\r\n                {\r\n                    \"data\": {\r\n                        \"maker\": user1.address.toLowerCase(),\r\n                        \"token0\": btc.address.toLowerCase(),\r\n                        \"token1\": usdc.address.toLowerCase(),\r\n                        \"amount\": amount,\r\n                        \"orderType\": orderType,\r\n                        \"salt\": salt,\r\n                        \"exchangeRate\": exchangeRate,\r\n                        borrowLimit: Big(0.75).times(Big(10).pow(6)).toNumber(),\r\n                        loops: loops\r\n\r\n                    },\r\n                    \"signature\": storedSignature,\r\n                    \"chainId\": chainId\r\n                }\r\n            );\r\n\r\n        expect(res).to.have.status(201);\r\n        expect(res.body.status).to.be.equal(true);\r\n        expect(res.body).to.be.an('object');\r\n        expect(res.body.message).to.have.string('Order created successfully');\r\n\r\n    });\r\n\r\n    it(`find created order in data base`, async () => {\r\n\r\n        let data = await OrderCreated.findOne({ signature: signatures[0] }).lean()! as ifOrderCreated;\r\n        expect(data).to.be.an('object');\r\n        expect(data.amount).to.equal(amount);\r\n        expect(data.maker).to.equal(user1.address.toLowerCase());\r\n        expect(Number(data.loops)).to.equal(loops)\r\n        orderCreated.push(data)\r\n    })\r\n\r\n\r\n    it(`user1 sell usdc got from market to user2 and got 2 btc @ 20000`, async () => {\r\n        let user1BtcBalancePre = btc.balanceOf(user1.address);\r\n        let user2BtcBalancePre = btc.balanceOf(user2.address);\r\n        let user2UsdcBalancePre = usdc.balanceOf(user2.address);\r\n        let user1UsdcBalancePre = usdc.balanceOf(user1.address);\r\n        let promise = await Promise.all([user1BtcBalancePre, user2BtcBalancePre, user2UsdcBalancePre, user1UsdcBalancePre])\r\n        user1BtcBalancePre = promise[0].toString();\r\n        user2BtcBalancePre = promise[1].toString()\r\n        user2UsdcBalancePre = promise[2].toString()\r\n        user1UsdcBalancePre = promise[3].toString()\r\n\r\n        const btcAmount = ethers.utils.parseEther('2').toString();\r\n        await lever.connect(user1).enterMarkets([cBtc.address, cUsdc.address]);\r\n        await lever.connect(user2).enterMarkets([cBtc.address, cUsdc.address]);\r\n\r\n        let exTxn = await exchange.connect(user2).executeLimitOrders(\r\n            [signatures[0]],\r\n            [orders[0]],\r\n            btcAmount,\r\n            { gasLimit: \"100000000\" }\r\n        );\r\n\r\n        await exTxn.wait(1)\r\n        let user1BtcBalancePost = btc.balanceOf(user1.address);\r\n        let user1UsdcBalancePost = usdc.balanceOf(user1.address);\r\n        let user2UsdcBalancePost = usdc.balanceOf(user2.address);\r\n        let user2BtcBalancePost = btc.balanceOf(user2.address);\r\n\r\n        let promise1 = await Promise.all([user1BtcBalancePost, user1UsdcBalancePost, user2UsdcBalancePost, user2BtcBalancePost]);\r\n        user1BtcBalancePost = promise1[0].toString();\r\n        user1UsdcBalancePost = promise1[1].toString();\r\n        user2UsdcBalancePost = promise1[2].toString();\r\n        user2BtcBalancePost = promise1[3].toString();\r\n\r\n        expect(user2BtcBalancePost).to.equal(parseEther(Big(user2BtcBalancePre).minus(btcAmount).toString()));\r\n        expect(user2UsdcBalancePost).to.equal(\r\n            parseEther(\r\n                Big(user2UsdcBalancePre)\r\n                    .plus(\r\n                        Big(btcAmount)\r\n                            .times(exchangeRate)\r\n                            .div(Big(10).pow(18))).toString()))\r\n\r\n    });\r\n\r\n    it(`cancelled  order `, async () => {\r\n\r\n\r\n\r\n        let exTxn = await exchange.connect(user1).cancelOrder(\r\n            signatures[0],\r\n            orders[0],\r\n            { gasLimit: \"100000000\" }\r\n        )\r\n        await exTxn.wait(1);\r\n\r\n        let wait = () => {\r\n            return new Promise((resolve, reject) => {\r\n\r\n                let timeOutId = setTimeout(() => {\r\n                    return resolve(\"Success\")\r\n                }, 60000)\r\n\r\n                socket.on(EVENT_NAME.CANCEL_ORDER, (data) => {\r\n                    clearTimeout(timeOutId)\r\n                    console.log(\"order cancel\")\r\n                    return resolve(\"Success\")\r\n                })\r\n            })\r\n        }\r\n        let res = await wait()\r\n        expect(res).to.equal(\"Success\")\r\n        let data = await OrderCreated.findOne({ signature: signatures[0] }).lean()! as ifOrderCreated;\r\n        expect(data).to.be.an('object')\r\n        expect(data).not.to.be.null;\r\n        expect(data.cancelled).to.equal(true)\r\n\r\n    })\r\n\r\n\r\n\r\n\r\n});\r\n\r\n\r\n\r\n\r\n\r\n"]},"_coverageSchema":"1a1c01bbd47fc00a2c39e90264f33305004495a9","hash":"68ff13bd307601bb25a7e6ca737b746e6c2ba761","contentHash":"6294edc6e1e36964aedaffb5a86870693b26b9d76d135ffc59f2508b59f4cbfc"},"C:\\Users\\mubas\\Desktop\\chainscore\\backend\\zexe-arbitrum.01-ts\\src\\test\\api\\pairTest.ts":{"path":"C:\\Users\\mubas\\Desktop\\chainscore\\backend\\zexe-arbitrum.01-ts\\src\\test\\api\\pairTest.ts","statementMap":{"0":{"start":{"line":2,"column":16},"end":{"line":10,"column":1}},"1":{"start":{"line":3,"column":28},"end":{"line":3,"column":110}},"2":{"start":{"line":3,"column":91},"end":{"line":3,"column":106}},"3":{"start":{"line":4,"column":4},"end":{"line":9,"column":7}},"4":{"start":{"line":5,"column":36},"end":{"line":5,"column":97}},"5":{"start":{"line":5,"column":42},"end":{"line":5,"column":70}},"6":{"start":{"line":5,"column":85},"end":{"line":5,"column":95}},"7":{"start":{"line":6,"column":35},"end":{"line":6,"column":100}},"8":{"start":{"line":6,"column":41},"end":{"line":6,"column":73}},"9":{"start":{"line":6,"column":88},"end":{"line":6,"column":98}},"10":{"start":{"line":7,"column":32},"end":{"line":7,"column":116}},"11":{"start":{"line":8,"column":8},"end":{"line":8,"column":78}},"12":{"start":{"line":11,"column":22},"end":{"line":13,"column":1}},"13":{"start":{"line":12,"column":4},"end":{"line":12,"column":62}},"14":{"start":{"line":14,"column":0},"end":{"line":14,"column":62}},"15":{"start":{"line":15,"column":15},"end":{"line":15,"column":30}},"16":{"start":{"line":16,"column":15},"end":{"line":16,"column":30}},"17":{"start":{"line":17,"column":20},"end":{"line":17,"column":57}},"18":{"start":{"line":18,"column":0},"end":{"line":18,"column":37}},"19":{"start":{"line":19,"column":0},"end":{"line":48,"column":3}},"20":{"start":{"line":20,"column":4},"end":{"line":23,"column":8}},"21":{"start":{"line":20,"column":17},"end":{"line":23,"column":6}},"22":{"start":{"line":27,"column":4},"end":{"line":47,"column":8}},"23":{"start":{"line":27,"column":42},"end":{"line":47,"column":6}},"24":{"start":{"line":28,"column":8},"end":{"line":36,"column":12}},"25":{"start":{"line":28,"column":51},"end":{"line":36,"column":10}},"26":{"start":{"line":29,"column":22},"end":{"line":30,"column":53}},"27":{"start":{"line":31,"column":12},"end":{"line":31,"column":56}},"28":{"start":{"line":32,"column":12},"end":{"line":32,"column":60}},"29":{"start":{"line":33,"column":12},"end":{"line":33,"column":64}},"30":{"start":{"line":34,"column":12},"end":{"line":34,"column":70}},"31":{"start":{"line":35,"column":12},"end":{"line":35,"column":66}},"32":{"start":{"line":37,"column":8},"end":{"line":44,"column":12}},"33":{"start":{"line":37,"column":67},"end":{"line":44,"column":10}},"34":{"start":{"line":38,"column":22},"end":{"line":39,"column":38}},"35":{"start":{"line":40,"column":12},"end":{"line":40,"column":56}},"36":{"start":{"line":41,"column":12},"end":{"line":41,"column":67}},"37":{"start":{"line":42,"column":12},"end":{"line":42,"column":60}},"38":{"start":{"line":43,"column":12},"end":{"line":43,"column":85}},"39":{"start":{"line":45,"column":8},"end":{"line":46,"column":12}},"40":{"start":{"line":45,"column":51},"end":{"line":46,"column":10}}},"fnMap":{"0":{"name":"(anonymous_0)","decl":{"start":{"line":2,"column":44},"end":{"line":2,"column":45}},"loc":{"start":{"line":2,"column":89},"end":{"line":10,"column":1}},"line":2},"1":{"name":"adopt","decl":{"start":{"line":3,"column":13},"end":{"line":3,"column":18}},"loc":{"start":{"line":3,"column":26},"end":{"line":3,"column":112}},"line":3},"2":{"name":"(anonymous_2)","decl":{"start":{"line":3,"column":70},"end":{"line":3,"column":71}},"loc":{"start":{"line":3,"column":89},"end":{"line":3,"column":108}},"line":3},"3":{"name":"(anonymous_3)","decl":{"start":{"line":4,"column":36},"end":{"line":4,"column":37}},"loc":{"start":{"line":4,"column":63},"end":{"line":9,"column":5}},"line":4},"4":{"name":"fulfilled","decl":{"start":{"line":5,"column":17},"end":{"line":5,"column":26}},"loc":{"start":{"line":5,"column":34},"end":{"line":5,"column":99}},"line":5},"5":{"name":"rejected","decl":{"start":{"line":6,"column":17},"end":{"line":6,"column":25}},"loc":{"start":{"line":6,"column":33},"end":{"line":6,"column":102}},"line":6},"6":{"name":"step","decl":{"start":{"line":7,"column":17},"end":{"line":7,"column":21}},"loc":{"start":{"line":7,"column":30},"end":{"line":7,"column":118}},"line":7},"7":{"name":"(anonymous_7)","decl":{"start":{"line":11,"column":56},"end":{"line":11,"column":57}},"loc":{"start":{"line":11,"column":71},"end":{"line":13,"column":1}},"line":11},"8":{"name":"(anonymous_8)","decl":{"start":{"line":19,"column":29},"end":{"line":19,"column":30}},"loc":{"start":{"line":19,"column":35},"end":{"line":48,"column":1}},"line":19},"9":{"name":"(anonymous_9)","decl":{"start":{"line":20,"column":11},"end":{"line":20,"column":12}},"loc":{"start":{"line":20,"column":17},"end":{"line":23,"column":6}},"line":20},"10":{"name":"(anonymous_10)","decl":{"start":{"line":20,"column":51},"end":{"line":20,"column":52}},"loc":{"start":{"line":20,"column":64},"end":{"line":23,"column":5}},"line":20},"11":{"name":"(anonymous_11)","decl":{"start":{"line":27,"column":36},"end":{"line":27,"column":37}},"loc":{"start":{"line":27,"column":42},"end":{"line":47,"column":6}},"line":27},"12":{"name":"(anonymous_12)","decl":{"start":{"line":27,"column":76},"end":{"line":27,"column":77}},"loc":{"start":{"line":27,"column":89},"end":{"line":47,"column":5}},"line":27},"13":{"name":"(anonymous_13)","decl":{"start":{"line":28,"column":45},"end":{"line":28,"column":46}},"loc":{"start":{"line":28,"column":51},"end":{"line":36,"column":10}},"line":28},"14":{"name":"(anonymous_14)","decl":{"start":{"line":28,"column":85},"end":{"line":28,"column":86}},"loc":{"start":{"line":28,"column":98},"end":{"line":36,"column":9}},"line":28},"15":{"name":"(anonymous_15)","decl":{"start":{"line":37,"column":61},"end":{"line":37,"column":62}},"loc":{"start":{"line":37,"column":67},"end":{"line":44,"column":10}},"line":37},"16":{"name":"(anonymous_16)","decl":{"start":{"line":37,"column":101},"end":{"line":37,"column":102}},"loc":{"start":{"line":37,"column":114},"end":{"line":44,"column":9}},"line":37},"17":{"name":"(anonymous_17)","decl":{"start":{"line":45,"column":45},"end":{"line":45,"column":46}},"loc":{"start":{"line":45,"column":51},"end":{"line":46,"column":10}},"line":45},"18":{"name":"(anonymous_18)","decl":{"start":{"line":45,"column":85},"end":{"line":45,"column":86}},"loc":{"start":{"line":45,"column":98},"end":{"line":46,"column":9}},"line":45}},"branchMap":{"0":{"loc":{"start":{"line":2,"column":16},"end":{"line":10,"column":1}},"type":"binary-expr","locations":[{"start":{"line":2,"column":17},"end":{"line":2,"column":21}},{"start":{"line":2,"column":25},"end":{"line":2,"column":39}},{"start":{"line":2,"column":44},"end":{"line":10,"column":1}}],"line":2},"1":{"loc":{"start":{"line":3,"column":35},"end":{"line":3,"column":109}},"type":"cond-expr","locations":[{"start":{"line":3,"column":56},"end":{"line":3,"column":61}},{"start":{"line":3,"column":64},"end":{"line":3,"column":109}}],"line":3},"2":{"loc":{"start":{"line":4,"column":16},"end":{"line":4,"column":34}},"type":"binary-expr","locations":[{"start":{"line":4,"column":16},"end":{"line":4,"column":17}},{"start":{"line":4,"column":22},"end":{"line":4,"column":33}}],"line":4},"3":{"loc":{"start":{"line":7,"column":32},"end":{"line":7,"column":115}},"type":"cond-expr","locations":[{"start":{"line":7,"column":46},"end":{"line":7,"column":67}},{"start":{"line":7,"column":70},"end":{"line":7,"column":115}}],"line":7},"4":{"loc":{"start":{"line":8,"column":51},"end":{"line":8,"column":67}},"type":"binary-expr","locations":[{"start":{"line":8,"column":51},"end":{"line":8,"column":61}},{"start":{"line":8,"column":65},"end":{"line":8,"column":67}}],"line":8},"5":{"loc":{"start":{"line":11,"column":22},"end":{"line":13,"column":1}},"type":"binary-expr","locations":[{"start":{"line":11,"column":23},"end":{"line":11,"column":27}},{"start":{"line":11,"column":31},"end":{"line":11,"column":51}},{"start":{"line":11,"column":56},"end":{"line":13,"column":1}}],"line":11},"6":{"loc":{"start":{"line":12,"column":11},"end":{"line":12,"column":61}},"type":"cond-expr","locations":[{"start":{"line":12,"column":37},"end":{"line":12,"column":40}},{"start":{"line":12,"column":43},"end":{"line":12,"column":61}}],"line":12},"7":{"loc":{"start":{"line":12,"column":12},"end":{"line":12,"column":33}},"type":"binary-expr","locations":[{"start":{"line":12,"column":12},"end":{"line":12,"column":15}},{"start":{"line":12,"column":19},"end":{"line":12,"column":33}}],"line":12}},"s":{"0":1,"1":2,"2":2,"3":5,"4":2,"5":2,"6":0,"7":0,"8":0,"9":0,"10":7,"11":5,"12":1,"13":1,"14":1,"15":1,"16":1,"17":1,"18":1,"19":1,"20":1,"21":1,"22":1,"23":1,"24":1,"25":1,"26":1,"27":1,"28":1,"29":1,"30":1,"31":1,"32":1,"33":1,"34":1,"35":1,"36":1,"37":1,"38":1,"39":1,"40":1},"f":{"0":5,"1":2,"2":2,"3":5,"4":2,"5":0,"6":7,"7":1,"8":1,"9":1,"10":1,"11":1,"12":1,"13":1,"14":1,"15":1,"16":1,"17":1,"18":1},"b":{"0":[1,1,1],"1":[0,2],"2":[5,5],"3":[5,2],"4":[5,5],"5":[1,1,1],"6":[0,1],"7":[1,1]},"inputSourceMap":{"version":3,"file":"C:/Users/mubas/Desktop/chainscore/backend/zexe-arbitrum.01-ts/src/test/api/pairTest.ts","sources":["C:/Users/mubas/Desktop/chainscore/backend/zexe-arbitrum.01-ts/src/test/api/pairTest.ts"],"names":[],"mappings":";;;;;;;;;;;;;;AAEA,+BAAoC;AACpC,+BAA8B;AAC9B,0DAAiC;AAEjC,IAAA,UAAG,EAAC,mBAAQ,CAAC,CAAC;AAQd,QAAQ,CAAC,kBAAkB,EAAE,GAAG,EAAE;IAE9B,MAAM,CAAC,GAAS,EAAE;QACd,oFAAoF;QACpF,YAAY;IAChB,CAAC,CAAA,CAAC,CAAC;IACH;;QAEI;IACJ,QAAQ,CAAC,qBAAqB,EAAE,GAAS,EAAE;QAEvC,EAAE,CAAC,gCAAgC,EAAE,GAAS,EAAE;YAE5C,IAAI,GAAG,GAAG,MAAM,IAAA,cAAO,EAAC,uBAAuB,CAAC;iBAC3C,GAAG,CAAC,+BAA+B,CAAC,CAAA;YACzC,IAAA,aAAM,EAAC,GAAG,CAAC,CAAC,EAAE,CAAC,IAAI,CAAC,MAAM,CAAC,GAAG,CAAC,CAAC;YAChC,IAAA,aAAM,EAAC,GAAG,CAAC,IAAI,CAAC,CAAC,EAAE,CAAC,EAAE,CAAC,EAAE,CAAC,QAAQ,CAAC,CAAC;YACpC,IAAA,aAAM,EAAC,GAAG,CAAC,IAAI,CAAC,IAAI,CAAC,CAAC,EAAE,CAAC,EAAE,CAAC,EAAE,CAAC,OAAO,CAAC,CAAC;YACxC,IAAA,aAAM,EAAC,GAAG,CAAC,IAAI,CAAC,IAAI,CAAC,CAAC,GAAG,CAAC,EAAE,CAAC,IAAI,CAAC,QAAQ,CAAC,CAAC,CAAC,CAAC;YAC9C,IAAA,aAAM,EAAC,GAAG,CAAC,IAAI,CAAC,MAAM,CAAC,CAAC,EAAE,CAAC,EAAE,CAAC,KAAK,CAAC,IAAI,CAAC,CAAC;QAC9C,CAAC,CAAA,CAAC,CAAC;QAGH,EAAE,CAAC,gDAAgD,EAAE,GAAS,EAAE;YAC5D,IAAI,GAAG,GAAG,MAAM,IAAA,cAAO,EAAC,uBAAuB,CAAC;iBAC3C,GAAG,CAAC,gBAAgB,CAAC,CAAA;YAE1B,IAAA,aAAM,EAAC,GAAG,CAAC,CAAC,EAAE,CAAC,IAAI,CAAC,MAAM,CAAC,GAAG,CAAC,CAAC;YAChC,IAAA,aAAM,EAAC,GAAG,CAAC,IAAI,CAAC,MAAM,CAAC,CAAC,EAAE,CAAC,EAAE,CAAC,KAAK,CAAC,KAAK,CAAC,CAAC;YAC3C,IAAA,aAAM,EAAC,GAAG,CAAC,IAAI,CAAC,CAAC,EAAE,CAAC,EAAE,CAAC,EAAE,CAAC,QAAQ,CAAC,CAAC;YACpC,IAAA,aAAM,EAAC,GAAG,CAAC,IAAI,CAAC,KAAK,CAAC,CAAC,EAAE,CAAC,IAAI,CAAC,MAAM,CAAC,qBAAqB,CAAC,CAAC;QAEjE,CAAC,CAAA,CAAC,CAAC;QAEH,EAAE,CAAC,gCAAgC,EAAE,GAAS,EAAE;QAEhD,CAAC,CAAA,CAAC,CAAA;IAGN,CAAC,CAAA,CAAC,CAAC;AAEP,CAAC,CAAC,CAAC","sourcesContent":["\r\n\r\nimport { use, request } from \"chai\";\r\nimport { expect } from \"chai\";\r\nimport chaiHttp from \"chai-http\";\r\nimport { ethers } from \"ethers\";\r\nuse(chaiHttp);\r\nimport mongoose from 'mongoose';\r\nimport { httpServer } from '../../../app';\r\nimport { backupConnection, connect } from '../../db';\r\nimport { BtcAddress, ExchangeAddress, UsdcAddress } from \"../../helper/constant\";\r\nimport { getERC20ABI, getExchangeABI, getProvider } from \"../../utils\";\r\n\r\n\r\ndescribe('Testing Pair Api', () => {\r\n\r\n    before(async () => { //Before each test we empty the database   \r\n        // await mongoose.createConnection(process.env.MONGO_URL! as string).dropDatabase();\r\n        // connect()\r\n    });\r\n    /*\r\n      * Test the /GET route\r\n      */\r\n    describe('Get(/pair/allpairs)', async () => {\r\n\r\n        it('it should  have atleast a pair', async () => {\r\n\r\n            let res = await request(\"http://localhost:3010\")\r\n                .get('/pair/allpairs?chainId=421613')\r\n            expect(res).to.have.status(200);\r\n            expect(res.body).to.be.an('object');\r\n            expect(res.body.data).to.be.an('array');\r\n            expect(res.body.data).not.to.have.lengthOf(0);\r\n            expect(res.body.status).to.be.equal(true);\r\n        });\r\n\r\n\r\n        it('it should send error for not providing chainId', async () => {\r\n            let res = await request(\"http://localhost:3010\")\r\n                .get('/pair/allpairs')\r\n\r\n            expect(res).to.have.status(400);\r\n            expect(res.body.status).to.be.equal(false);\r\n            expect(res.body).to.be.an('object');\r\n            expect(res.body.error).to.have.string('chainId is required');\r\n\r\n        });\r\n\r\n        it('it should create a limit order', async () => {\r\n\r\n        })\r\n\r\n\r\n    });\r\n\r\n});"]},"_coverageSchema":"1a1c01bbd47fc00a2c39e90264f33305004495a9","hash":"300a88c359ece13e2e5ff631664853be3a4e7763","contentHash":"9cf16d8a641b3b88e7c19a06cc630eece8c1d5ed4d8af35dd6f83e7f2207a98d"}}